#
# There is insufficient memory for the Java Runtime Environment to continue.
# Native memory allocation (malloc) failed to allocate 1863152 bytes for Chunk::new
# Possible reasons:
#   The system is out of physical RAM or swap space
#   The process is running with CompressedOops enabled, and the Java Heap may be blocking the growth of the native heap
# Possible solutions:
#   Reduce memory load on the system
#   Increase physical memory or swap space
#   Check if swap backing store is full
#   Decrease Java heap size (-Xmx/-Xms)
#   Decrease number of Java threads
#   Decrease Java thread stack sizes (-Xss)
#   Set larger code cache with -XX:ReservedCodeCacheSize=
#   JVM is running with Unscaled Compressed Oops mode in which the Java heap is
#     placed in the first 4GB address space. The Java Heap base address is the
#     maximum limit for the native heap growth. Please use -XX:HeapBaseMinAddress
#     to set the Java Heap base and to place the Java Heap above 4GB virtual address.
# This output file may be truncated or incomplete.
#
#  Out of Memory Error (arena.cpp:168), pid=7988, tid=4468
#
# JRE version: Java(TM) SE Runtime Environment (21.0.3+7) (build 21.0.3+7-LTS-152)
# Java VM: Java HotSpot(TM) 64-Bit Server VM (21.0.3+7-LTS-152, mixed mode, sharing, tiered, compressed oops, compressed class ptrs, g1 gc, windows-amd64)
# No core dump will be written. Minidumps are not enabled by default on client versions of Windows
#

---------------  S U M M A R Y ------------

Command Line: --add-opens=java.base/java.util=ALL-UNNAMED --add-opens=java.base/java.lang=ALL-UNNAMED --add-opens=java.base/java.lang.invoke=ALL-UNNAMED --add-opens=java.prefs/java.util.prefs=ALL-UNNAMED --add-opens=java.base/java.nio.charset=ALL-UNNAMED --add-opens=java.base/java.net=ALL-UNNAMED --add-opens=java.base/java.util.concurrent.atomic=ALL-UNNAMED -XX:MaxMetaspaceSize=384m -XX:+HeapDumpOnOutOfMemoryError -Xms256m -Xmx512m -Dfile.encoding=UTF-8 -Duser.country=US -Duser.language=en -Duser.variant -javaagent:C:\Users\Carito\.gradle\wrapper\dists\gradle-8.7-bin\bhs2wmbdwecv87pi65oeuq5iu\gradle-8.7\lib\agents\gradle-instrumentation-agent-8.7.jar org.gradle.launcher.daemon.bootstrap.GradleDaemon 8.7

Host: Intel(R) Core(TM) i3-4030U CPU @ 1.90GHz, 4 cores, 3G,  Windows 10 , 64 bit Build 19041 (10.0.19041.3636)
Time: Fri May 17 14:01:55 2024 Pacific SA Standard Time elapsed time: 11.962565 seconds (0d 0h 0m 11s)

---------------  T H R E A D  ---------------

Current thread (0x000001f019d7cc60):  JavaThread "C2 CompilerThread0" daemon [_thread_in_native, id=4468, stack(0x0000003e71a00000,0x0000003e71b00000) (1024K)]


Current CompileTask:
C2:  11962 4360   !   4       java.net.URLClassLoader::findClass (47 bytes)

Stack: [0x0000003e71a00000,0x0000003e71b00000]
Native frames: (J=compiled Java code, j=interpreted, Vv=VM code, C=native code)
V  [jvm.dll+0x6c63b9]
V  [jvm.dll+0x84fa11]
V  [jvm.dll+0x851f3e]
V  [jvm.dll+0x852613]
V  [jvm.dll+0x27cd46]
V  [jvm.dll+0xc4aad]
V  [jvm.dll+0xc4fe3]
V  [jvm.dll+0x3b1d5c]
V  [jvm.dll+0x1df0e3]
V  [jvm.dll+0x245c92]
V  [jvm.dll+0x24511f]
V  [jvm.dll+0x1c689e]
V  [jvm.dll+0x254609]
V  [jvm.dll+0x252b9a]
V  [jvm.dll+0x3eb056]
V  [jvm.dll+0x7f9ffb]
V  [jvm.dll+0x6c4a9d]
C  [ucrtbase.dll+0x21bb2]
C  [KERNEL32.DLL+0x17344]
C  [ntdll.dll+0x526b1]


---------------  P R O C E S S  ---------------

Threads class SMR info:
_java_thread_list=0x000001f0331f1160, length=31, elements={
0x000001f07d714030, 0x000001f019d6d450, 0x000001f019d6e370, 0x000001f019d721b0,
0x000001f019d72e10, 0x000001f019d74010, 0x000001f019d76220, 0x000001f019d7cc60,
0x000001f019d89740, 0x000001f019d36b10, 0x000001f033278db0, 0x000001f034a7a210,
0x000001f0348d2f30, 0x000001f034c1e580, 0x000001f034c03940, 0x000001f034d82010,
0x000001f034cf5460, 0x000001f034cbd920, 0x000001f034cbdfb0, 0x000001f034cbc570,
0x000001f034cbab30, 0x000001f034cbcc00, 0x000001f034cbb1c0, 0x000001f034cbb850,
0x000001f034cbd290, 0x000001f036ad59a0, 0x000001f036ad0ae0, 0x000001f036ad3f60,
0x000001f036ad6030, 0x000001f036ad66c0, 0x000001f036ad6d50
}

Java Threads: ( => current thread )
  0x000001f07d714030 JavaThread "main"                              [_thread_blocked, id=8672, stack(0x0000003e70c00000,0x0000003e70d00000) (1024K)]
  0x000001f019d6d450 JavaThread "Reference Handler"          daemon [_thread_blocked, id=6148, stack(0x0000003e71400000,0x0000003e71500000) (1024K)]
  0x000001f019d6e370 JavaThread "Finalizer"                  daemon [_thread_blocked, id=14432, stack(0x0000003e71500000,0x0000003e71600000) (1024K)]
  0x000001f019d721b0 JavaThread "Signal Dispatcher"          daemon [_thread_blocked, id=13852, stack(0x0000003e71600000,0x0000003e71700000) (1024K)]
  0x000001f019d72e10 JavaThread "Attach Listener"            daemon [_thread_blocked, id=3200, stack(0x0000003e71700000,0x0000003e71800000) (1024K)]
  0x000001f019d74010 JavaThread "Service Thread"             daemon [_thread_blocked, id=13840, stack(0x0000003e71800000,0x0000003e71900000) (1024K)]
  0x000001f019d76220 JavaThread "Monitor Deflation Thread"   daemon [_thread_blocked, id=15324, stack(0x0000003e71900000,0x0000003e71a00000) (1024K)]
=>0x000001f019d7cc60 JavaThread "C2 CompilerThread0"         daemon [_thread_in_native, id=4468, stack(0x0000003e71a00000,0x0000003e71b00000) (1024K)]
  0x000001f019d89740 JavaThread "C1 CompilerThread0"         daemon [_thread_blocked, id=13504, stack(0x0000003e71b00000,0x0000003e71c00000) (1024K)]
  0x000001f019d36b10 JavaThread "Common-Cleaner"             daemon [_thread_blocked, id=1836, stack(0x0000003e71c00000,0x0000003e71d00000) (1024K)]
  0x000001f033278db0 JavaThread "Notification Thread"        daemon [_thread_blocked, id=3640, stack(0x0000003e71d00000,0x0000003e71e00000) (1024K)]
  0x000001f034a7a210 JavaThread "Daemon health stats"               [_thread_blocked, id=12748, stack(0x0000003e72100000,0x0000003e72200000) (1024K)]
  0x000001f0348d2f30 JavaThread "Incoming local TCP Connector on port 55425"        [_thread_in_native, id=16244, stack(0x0000003e72200000,0x0000003e72300000) (1024K)]
  0x000001f034c1e580 JavaThread "Daemon periodic checks"            [_thread_blocked, id=2864, stack(0x0000003e72300000,0x0000003e72400000) (1024K)]
  0x000001f034c03940 JavaThread "Daemon"                            [_thread_blocked, id=16208, stack(0x0000003e72400000,0x0000003e72500000) (1024K)]
  0x000001f034d82010 JavaThread "Handler for socket connection from /127.0.0.1:55425 to /127.0.0.1:55426"        [_thread_in_native, id=9672, stack(0x0000003e72500000,0x0000003e72600000) (1024K)]
  0x000001f034cf5460 JavaThread "Cancel handler"                    [_thread_blocked, id=13288, stack(0x0000003e72600000,0x0000003e72700000) (1024K)]
  0x000001f034cbd920 JavaThread "Daemon worker"                     [_thread_in_vm, id=12920, stack(0x0000003e72700000,0x0000003e72800000) (1024K)]
  0x000001f034cbdfb0 JavaThread "Asynchronous log dispatcher for DefaultDaemonConnection: socket connection from /127.0.0.1:55425 to /127.0.0.1:55426"        [_thread_blocked, id=9792, stack(0x0000003e72800000,0x0000003e72900000) (1024K)]
  0x000001f034cbc570 JavaThread "Stdin handler"                     [_thread_blocked, id=15344, stack(0x0000003e72900000,0x0000003e72a00000) (1024K)]
  0x000001f034cbab30 JavaThread "Daemon client event forwarder"        [_thread_blocked, id=16264, stack(0x0000003e72a00000,0x0000003e72b00000) (1024K)]
  0x000001f034cbcc00 JavaThread "Cache worker for journal cache (C:\Users\Carito\.gradle\caches\journal-1)"        [_thread_blocked, id=14860, stack(0x0000003e72b00000,0x0000003e72c00000) (1024K)]
  0x000001f034cbb1c0 JavaThread "File lock request listener"        [_thread_in_native, id=11968, stack(0x0000003e72c00000,0x0000003e72d00000) (1024K)]
  0x000001f034cbb850 JavaThread "Cache worker for file hash cache (C:\Users\Carito\.gradle\caches\8.7\fileHashes)"        [_thread_blocked, id=7748, stack(0x0000003e72d00000,0x0000003e72e00000) (1024K)]
  0x000001f034cbd290 JavaThread "Cache worker for file hash cache (C:\Users\Carito\Documents\Gabriel\Proyectos\nttdata\.gradle\8.7\fileHashes)"        [_thread_blocked, id=14420, stack(0x0000003e72e00000,0x0000003e72f00000) (1024K)]
  0x000001f036ad59a0 JavaThread "File watcher server"        daemon [_thread_in_native, id=11348, stack(0x0000003e72f00000,0x0000003e73000000) (1024K)]
  0x000001f036ad0ae0 JavaThread "File watcher consumer"      daemon [_thread_blocked, id=14688, stack(0x0000003e73000000,0x0000003e73100000) (1024K)]
  0x000001f036ad3f60 JavaThread "Cache worker for checksums cache (C:\Users\Carito\Documents\Gabriel\Proyectos\nttdata\.gradle\8.7\checksums)"        [_thread_blocked, id=4820, stack(0x0000003e73100000,0x0000003e73200000) (1024K)]
  0x000001f036ad6030 JavaThread "Cache worker for cache directory md-supplier (C:\Users\Carito\.gradle\caches\8.7\md-supplier)"        [_thread_blocked, id=2320, stack(0x0000003e73200000,0x0000003e73300000) (1024K)]
  0x000001f036ad66c0 JavaThread "Cache worker for cache directory md-rule (C:\Users\Carito\.gradle\caches\8.7\md-rule)"        [_thread_blocked, id=16012, stack(0x0000003e73300000,0x0000003e73400000) (1024K)]
  0x000001f036ad6d50 JavaThread "Cache worker for file content cache (C:\Users\Carito\.gradle\caches\8.7\fileContent)"        [_thread_blocked, id=13156, stack(0x0000003e73400000,0x0000003e73500000) (1024K)]
Total: 31

Other Threads:
  0x000001f019d4e1b0 VMThread "VM Thread"                           [id=12424, stack(0x0000003e71300000,0x0000003e71400000) (1024K)]
  0x000001f019d35b20 WatcherThread "VM Periodic Task Thread"        [id=9176, stack(0x0000003e71200000,0x0000003e71300000) (1024K)]
  0x000001f07f8f8440 WorkerThread "GC Thread#0"                     [id=8, stack(0x0000003e70d00000,0x0000003e70e00000) (1024K)]
  0x000001f03330b280 WorkerThread "GC Thread#1"                     [id=4220, stack(0x0000003e71e00000,0x0000003e71f00000) (1024K)]
  0x000001f033357c40 WorkerThread "GC Thread#2"                     [id=15628, stack(0x0000003e71f00000,0x0000003e72000000) (1024K)]
  0x000001f033357fe0 WorkerThread "GC Thread#3"                     [id=13168, stack(0x0000003e72000000,0x0000003e72100000) (1024K)]
  0x000001f07f8fd4e0 ConcurrentGCThread "G1 Main Marker"            [id=6512, stack(0x0000003e70e00000,0x0000003e70f00000) (1024K)]
  0x000001f07f8fe690 WorkerThread "G1 Conc#0"                       [id=4392, stack(0x0000003e70f00000,0x0000003e71000000) (1024K)]
  0x000001f07f99e910 ConcurrentGCThread "G1 Refine#0"               [id=11272, stack(0x0000003e71000000,0x0000003e71100000) (1024K)]
  0x000001f019c0d520 ConcurrentGCThread "G1 Service"                [id=10596, stack(0x0000003e71100000,0x0000003e71200000) (1024K)]
Total: 10

Threads with active compile tasks:
C2 CompilerThread0    12021 4360   !   4       java.net.URLClassLoader::findClass (47 bytes)
Total: 1

VM state: not at safepoint (normal execution)

VM Mutex/Monitor currently owned by a thread: None

Heap address: 0x00000000e0000000, size: 512 MB, Compressed Oops mode: 32-bit

CDS archive(s) mapped at: [0x000001f01a000000-0x000001f01ac90000-0x000001f01ac90000), size 13172736, SharedBaseAddress: 0x000001f01a000000, ArchiveRelocationMode: 1.
Compressed class space mapped at: 0x000001f01b000000-0x000001f02f000000, reserved size: 335544320
Narrow klass base: 0x000001f01a000000, Narrow klass shift: 0, Narrow klass range: 0x100000000

GC Precious Log:
 CardTable entry size: 512
 Card Set container configuration: InlinePtr #cards 5 size 8 Array Of Cards #cards 12 size 40 Howl #buckets 4 coarsen threshold 1843 Howl Bitmap #cards 512 size 80 coarsen threshold 460 Card regions per heap region 1 cards per card region 2048
 CPUs: 4 total, 4 available
 Memory: 4000M
 Large Page Support: Disabled
 NUMA Support: Disabled
 Compressed Oops: Enabled (32-bit)
 Heap Region Size: 1M
 Heap Min Capacity: 256M
 Heap Initial Capacity: 256M
 Heap Max Capacity: 512M
 Pre-touch: Disabled
 Parallel Workers: 4
 Concurrent Workers: 1
 Concurrent Refinement Workers: 4
 Periodic GC: Disabled

Heap:
 garbage-first heap   total 262144K, used 50379K [0x00000000e0000000, 0x0000000100000000)
  region size 1024K, 26 young (26624K), 8 survivors (8192K)
 Metaspace       used 39133K, committed 40384K, reserved 393216K
  class space    used 5922K, committed 6528K, reserved 327680K

Heap Regions: E=young(eden), S=young(survivor), O=old, HS=humongous(starts), HC=humongous(continues), CS=collection set, F=free, TAMS=top-at-mark-start, PB=parsable bottom
|   0|0x00000000e0000000, 0x00000000e0100000, 0x00000000e0100000|100%| O|  |TAMS 0x00000000e0000000| PB 0x00000000e0000000| Untracked 
|   1|0x00000000e0100000, 0x00000000e0200000, 0x00000000e0200000|100%|HS|  |TAMS 0x00000000e0100000| PB 0x00000000e0100000| Complete 
|   2|0x00000000e0200000, 0x00000000e0300000, 0x00000000e0300000|100%|HC|  |TAMS 0x00000000e0200000| PB 0x00000000e0200000| Complete 
|   3|0x00000000e0300000, 0x00000000e0400000, 0x00000000e0400000|100%|HC|  |TAMS 0x00000000e0300000| PB 0x00000000e0300000| Complete 
|   4|0x00000000e0400000, 0x00000000e0500000, 0x00000000e0500000|100%|HC|  |TAMS 0x00000000e0400000| PB 0x00000000e0400000| Complete 
|   5|0x00000000e0500000, 0x00000000e0600000, 0x00000000e0600000|100%| O|  |TAMS 0x00000000e0500000| PB 0x00000000e0500000| Untracked 
|   6|0x00000000e0600000, 0x00000000e0700000, 0x00000000e0700000|100%|HS|  |TAMS 0x00000000e0600000| PB 0x00000000e0600000| Complete 
|   7|0x00000000e0700000, 0x00000000e0800000, 0x00000000e0800000|100%| O|  |TAMS 0x00000000e0700000| PB 0x00000000e0700000| Untracked 
|   8|0x00000000e0800000, 0x00000000e0900000, 0x00000000e0900000|100%| O|  |TAMS 0x00000000e0800000| PB 0x00000000e0800000| Untracked 
|   9|0x00000000e0900000, 0x00000000e0a00000, 0x00000000e0a00000|100%| O|  |TAMS 0x00000000e0900000| PB 0x00000000e0900000| Untracked 
|  10|0x00000000e0a00000, 0x00000000e0b00000, 0x00000000e0b00000|100%| O|  |TAMS 0x00000000e0a00000| PB 0x00000000e0a00000| Untracked 
|  11|0x00000000e0b00000, 0x00000000e0c00000, 0x00000000e0c00000|100%| O|  |TAMS 0x00000000e0b00000| PB 0x00000000e0b00000| Untracked 
|  12|0x00000000e0c00000, 0x00000000e0d00000, 0x00000000e0d00000|100%| O|  |TAMS 0x00000000e0c00000| PB 0x00000000e0c00000| Untracked 
|  13|0x00000000e0d00000, 0x00000000e0e00000, 0x00000000e0e00000|100%| O|  |TAMS 0x00000000e0d00000| PB 0x00000000e0d00000| Untracked 
|  14|0x00000000e0e00000, 0x00000000e0f00000, 0x00000000e0f00000|100%| O|  |TAMS 0x00000000e0e00000| PB 0x00000000e0e00000| Untracked 
|  15|0x00000000e0f00000, 0x00000000e1000000, 0x00000000e1000000|100%| O|  |TAMS 0x00000000e0f00000| PB 0x00000000e0f00000| Untracked 
|  16|0x00000000e1000000, 0x00000000e1100000, 0x00000000e1100000|100%| O|  |TAMS 0x00000000e1000000| PB 0x00000000e1000000| Untracked 
|  17|0x00000000e1100000, 0x00000000e1200000, 0x00000000e1200000|100%| O|  |TAMS 0x00000000e1100000| PB 0x00000000e1100000| Untracked 
|  18|0x00000000e1200000, 0x00000000e1300000, 0x00000000e1300000|100%| O|  |TAMS 0x00000000e1200000| PB 0x00000000e1200000| Untracked 
|  19|0x00000000e1300000, 0x00000000e1400000, 0x00000000e1400000|100%| O|  |TAMS 0x00000000e1300000| PB 0x00000000e1300000| Untracked 
|  20|0x00000000e1400000, 0x00000000e1500000, 0x00000000e1500000|100%| O|  |TAMS 0x00000000e1400000| PB 0x00000000e1400000| Untracked 
|  21|0x00000000e1500000, 0x00000000e1600000, 0x00000000e1600000|100%| O|  |TAMS 0x00000000e1500000| PB 0x00000000e1500000| Untracked 
|  22|0x00000000e1600000, 0x00000000e1700000, 0x00000000e1700000|100%| O|  |TAMS 0x00000000e1600000| PB 0x00000000e1600000| Untracked 
|  23|0x00000000e1700000, 0x00000000e1800000, 0x00000000e1800000|100%| O|Cm|TAMS 0x00000000e1700000| PB 0x00000000e1700000| Complete 
|  24|0x00000000e1800000, 0x00000000e1832fc0, 0x00000000e1900000| 19%| O|  |TAMS 0x00000000e1800000| PB 0x00000000e1800000| Untracked 
|  25|0x00000000e1900000, 0x00000000e1a00000, 0x00000000e1a00000|100%|HS|  |TAMS 0x00000000e1900000| PB 0x00000000e1900000| Complete 
|  26|0x00000000e1a00000, 0x00000000e1a00000, 0x00000000e1b00000|  0%| F|  |TAMS 0x00000000e1a00000| PB 0x00000000e1a00000| Untracked 
|  27|0x00000000e1b00000, 0x00000000e1b00000, 0x00000000e1c00000|  0%| F|  |TAMS 0x00000000e1b00000| PB 0x00000000e1b00000| Untracked 
|  28|0x00000000e1c00000, 0x00000000e1c00000, 0x00000000e1d00000|  0%| F|  |TAMS 0x00000000e1c00000| PB 0x00000000e1c00000| Untracked 
|  29|0x00000000e1d00000, 0x00000000e1d00000, 0x00000000e1e00000|  0%| F|  |TAMS 0x00000000e1d00000| PB 0x00000000e1d00000| Untracked 
|  30|0x00000000e1e00000, 0x00000000e1e00000, 0x00000000e1f00000|  0%| F|  |TAMS 0x00000000e1e00000| PB 0x00000000e1e00000| Untracked 
|  31|0x00000000e1f00000, 0x00000000e1f00000, 0x00000000e2000000|  0%| F|  |TAMS 0x00000000e1f00000| PB 0x00000000e1f00000| Untracked 
|  32|0x00000000e2000000, 0x00000000e2000000, 0x00000000e2100000|  0%| F|  |TAMS 0x00000000e2000000| PB 0x00000000e2000000| Untracked 
|  33|0x00000000e2100000, 0x00000000e2100000, 0x00000000e2200000|  0%| F|  |TAMS 0x00000000e2100000| PB 0x00000000e2100000| Untracked 
|  34|0x00000000e2200000, 0x00000000e2200000, 0x00000000e2300000|  0%| F|  |TAMS 0x00000000e2200000| PB 0x00000000e2200000| Untracked 
|  35|0x00000000e2300000, 0x00000000e2300000, 0x00000000e2400000|  0%| F|  |TAMS 0x00000000e2300000| PB 0x00000000e2300000| Untracked 
|  36|0x00000000e2400000, 0x00000000e2400000, 0x00000000e2500000|  0%| F|  |TAMS 0x00000000e2400000| PB 0x00000000e2400000| Untracked 
|  37|0x00000000e2500000, 0x00000000e2500000, 0x00000000e2600000|  0%| F|  |TAMS 0x00000000e2500000| PB 0x00000000e2500000| Untracked 
|  38|0x00000000e2600000, 0x00000000e2600000, 0x00000000e2700000|  0%| F|  |TAMS 0x00000000e2600000| PB 0x00000000e2600000| Untracked 
|  39|0x00000000e2700000, 0x00000000e2700000, 0x00000000e2800000|  0%| F|  |TAMS 0x00000000e2700000| PB 0x00000000e2700000| Untracked 
|  40|0x00000000e2800000, 0x00000000e2800000, 0x00000000e2900000|  0%| F|  |TAMS 0x00000000e2800000| PB 0x00000000e2800000| Untracked 
|  41|0x00000000e2900000, 0x00000000e2900000, 0x00000000e2a00000|  0%| F|  |TAMS 0x00000000e2900000| PB 0x00000000e2900000| Untracked 
|  42|0x00000000e2a00000, 0x00000000e2a00000, 0x00000000e2b00000|  0%| F|  |TAMS 0x00000000e2a00000| PB 0x00000000e2a00000| Untracked 
|  43|0x00000000e2b00000, 0x00000000e2b00000, 0x00000000e2c00000|  0%| F|  |TAMS 0x00000000e2b00000| PB 0x00000000e2b00000| Untracked 
|  44|0x00000000e2c00000, 0x00000000e2c00000, 0x00000000e2d00000|  0%| F|  |TAMS 0x00000000e2c00000| PB 0x00000000e2c00000| Untracked 
|  45|0x00000000e2d00000, 0x00000000e2d00000, 0x00000000e2e00000|  0%| F|  |TAMS 0x00000000e2d00000| PB 0x00000000e2d00000| Untracked 
|  46|0x00000000e2e00000, 0x00000000e2e00000, 0x00000000e2f00000|  0%| F|  |TAMS 0x00000000e2e00000| PB 0x00000000e2e00000| Untracked 
|  47|0x00000000e2f00000, 0x00000000e2f00000, 0x00000000e3000000|  0%| F|  |TAMS 0x00000000e2f00000| PB 0x00000000e2f00000| Untracked 
|  48|0x00000000e3000000, 0x00000000e3000000, 0x00000000e3100000|  0%| F|  |TAMS 0x00000000e3000000| PB 0x00000000e3000000| Untracked 
|  49|0x00000000e3100000, 0x00000000e3100000, 0x00000000e3200000|  0%| F|  |TAMS 0x00000000e3100000| PB 0x00000000e3100000| Untracked 
|  50|0x00000000e3200000, 0x00000000e3200000, 0x00000000e3300000|  0%| F|  |TAMS 0x00000000e3200000| PB 0x00000000e3200000| Untracked 
|  51|0x00000000e3300000, 0x00000000e3300000, 0x00000000e3400000|  0%| F|  |TAMS 0x00000000e3300000| PB 0x00000000e3300000| Untracked 
|  52|0x00000000e3400000, 0x00000000e3400000, 0x00000000e3500000|  0%| F|  |TAMS 0x00000000e3400000| PB 0x00000000e3400000| Untracked 
|  53|0x00000000e3500000, 0x00000000e3500000, 0x00000000e3600000|  0%| F|  |TAMS 0x00000000e3500000| PB 0x00000000e3500000| Untracked 
|  54|0x00000000e3600000, 0x00000000e3600000, 0x00000000e3700000|  0%| F|  |TAMS 0x00000000e3600000| PB 0x00000000e3600000| Untracked 
|  55|0x00000000e3700000, 0x00000000e3700000, 0x00000000e3800000|  0%| F|  |TAMS 0x00000000e3700000| PB 0x00000000e3700000| Untracked 
|  56|0x00000000e3800000, 0x00000000e3800000, 0x00000000e3900000|  0%| F|  |TAMS 0x00000000e3800000| PB 0x00000000e3800000| Untracked 
|  57|0x00000000e3900000, 0x00000000e3900000, 0x00000000e3a00000|  0%| F|  |TAMS 0x00000000e3900000| PB 0x00000000e3900000| Untracked 
|  58|0x00000000e3a00000, 0x00000000e3a00000, 0x00000000e3b00000|  0%| F|  |TAMS 0x00000000e3a00000| PB 0x00000000e3a00000| Untracked 
|  59|0x00000000e3b00000, 0x00000000e3b00000, 0x00000000e3c00000|  0%| F|  |TAMS 0x00000000e3b00000| PB 0x00000000e3b00000| Untracked 
|  60|0x00000000e3c00000, 0x00000000e3c00000, 0x00000000e3d00000|  0%| F|  |TAMS 0x00000000e3c00000| PB 0x00000000e3c00000| Untracked 
|  61|0x00000000e3d00000, 0x00000000e3d00000, 0x00000000e3e00000|  0%| F|  |TAMS 0x00000000e3d00000| PB 0x00000000e3d00000| Untracked 
|  62|0x00000000e3e00000, 0x00000000e3e00000, 0x00000000e3f00000|  0%| F|  |TAMS 0x00000000e3e00000| PB 0x00000000e3e00000| Untracked 
|  63|0x00000000e3f00000, 0x00000000e3f00000, 0x00000000e4000000|  0%| F|  |TAMS 0x00000000e3f00000| PB 0x00000000e3f00000| Untracked 
|  64|0x00000000e4000000, 0x00000000e4000000, 0x00000000e4100000|  0%| F|  |TAMS 0x00000000e4000000| PB 0x00000000e4000000| Untracked 
|  65|0x00000000e4100000, 0x00000000e4100000, 0x00000000e4200000|  0%| F|  |TAMS 0x00000000e4100000| PB 0x00000000e4100000| Untracked 
|  66|0x00000000e4200000, 0x00000000e4200000, 0x00000000e4300000|  0%| F|  |TAMS 0x00000000e4200000| PB 0x00000000e4200000| Untracked 
|  67|0x00000000e4300000, 0x00000000e4300000, 0x00000000e4400000|  0%| F|  |TAMS 0x00000000e4300000| PB 0x00000000e4300000| Untracked 
|  68|0x00000000e4400000, 0x00000000e4400000, 0x00000000e4500000|  0%| F|  |TAMS 0x00000000e4400000| PB 0x00000000e4400000| Untracked 
|  69|0x00000000e4500000, 0x00000000e4500000, 0x00000000e4600000|  0%| F|  |TAMS 0x00000000e4500000| PB 0x00000000e4500000| Untracked 
|  70|0x00000000e4600000, 0x00000000e4600000, 0x00000000e4700000|  0%| F|  |TAMS 0x00000000e4600000| PB 0x00000000e4600000| Untracked 
|  71|0x00000000e4700000, 0x00000000e4700000, 0x00000000e4800000|  0%| F|  |TAMS 0x00000000e4700000| PB 0x00000000e4700000| Untracked 
|  72|0x00000000e4800000, 0x00000000e4800000, 0x00000000e4900000|  0%| F|  |TAMS 0x00000000e4800000| PB 0x00000000e4800000| Untracked 
|  73|0x00000000e4900000, 0x00000000e4900000, 0x00000000e4a00000|  0%| F|  |TAMS 0x00000000e4900000| PB 0x00000000e4900000| Untracked 
|  74|0x00000000e4a00000, 0x00000000e4a00000, 0x00000000e4b00000|  0%| F|  |TAMS 0x00000000e4a00000| PB 0x00000000e4a00000| Untracked 
|  75|0x00000000e4b00000, 0x00000000e4b00000, 0x00000000e4c00000|  0%| F|  |TAMS 0x00000000e4b00000| PB 0x00000000e4b00000| Untracked 
|  76|0x00000000e4c00000, 0x00000000e4c00000, 0x00000000e4d00000|  0%| F|  |TAMS 0x00000000e4c00000| PB 0x00000000e4c00000| Untracked 
|  77|0x00000000e4d00000, 0x00000000e4d00000, 0x00000000e4e00000|  0%| F|  |TAMS 0x00000000e4d00000| PB 0x00000000e4d00000| Untracked 
|  78|0x00000000e4e00000, 0x00000000e4e00000, 0x00000000e4f00000|  0%| F|  |TAMS 0x00000000e4e00000| PB 0x00000000e4e00000| Untracked 
|  79|0x00000000e4f00000, 0x00000000e4f00000, 0x00000000e5000000|  0%| F|  |TAMS 0x00000000e4f00000| PB 0x00000000e4f00000| Untracked 
|  80|0x00000000e5000000, 0x00000000e5000000, 0x00000000e5100000|  0%| F|  |TAMS 0x00000000e5000000| PB 0x00000000e5000000| Untracked 
|  81|0x00000000e5100000, 0x00000000e5100000, 0x00000000e5200000|  0%| F|  |TAMS 0x00000000e5100000| PB 0x00000000e5100000| Untracked 
|  82|0x00000000e5200000, 0x00000000e5200000, 0x00000000e5300000|  0%| F|  |TAMS 0x00000000e5200000| PB 0x00000000e5200000| Untracked 
|  83|0x00000000e5300000, 0x00000000e5300000, 0x00000000e5400000|  0%| F|  |TAMS 0x00000000e5300000| PB 0x00000000e5300000| Untracked 
|  84|0x00000000e5400000, 0x00000000e5400000, 0x00000000e5500000|  0%| F|  |TAMS 0x00000000e5400000| PB 0x00000000e5400000| Untracked 
|  85|0x00000000e5500000, 0x00000000e5500000, 0x00000000e5600000|  0%| F|  |TAMS 0x00000000e5500000| PB 0x00000000e5500000| Untracked 
|  86|0x00000000e5600000, 0x00000000e5600000, 0x00000000e5700000|  0%| F|  |TAMS 0x00000000e5600000| PB 0x00000000e5600000| Untracked 
|  87|0x00000000e5700000, 0x00000000e5700000, 0x00000000e5800000|  0%| F|  |TAMS 0x00000000e5700000| PB 0x00000000e5700000| Untracked 
|  88|0x00000000e5800000, 0x00000000e5800000, 0x00000000e5900000|  0%| F|  |TAMS 0x00000000e5800000| PB 0x00000000e5800000| Untracked 
|  89|0x00000000e5900000, 0x00000000e5900000, 0x00000000e5a00000|  0%| F|  |TAMS 0x00000000e5900000| PB 0x00000000e5900000| Untracked 
|  90|0x00000000e5a00000, 0x00000000e5a00000, 0x00000000e5b00000|  0%| F|  |TAMS 0x00000000e5a00000| PB 0x00000000e5a00000| Untracked 
|  91|0x00000000e5b00000, 0x00000000e5b00000, 0x00000000e5c00000|  0%| F|  |TAMS 0x00000000e5b00000| PB 0x00000000e5b00000| Untracked 
|  92|0x00000000e5c00000, 0x00000000e5c00000, 0x00000000e5d00000|  0%| F|  |TAMS 0x00000000e5c00000| PB 0x00000000e5c00000| Untracked 
|  93|0x00000000e5d00000, 0x00000000e5d00000, 0x00000000e5e00000|  0%| F|  |TAMS 0x00000000e5d00000| PB 0x00000000e5d00000| Untracked 
|  94|0x00000000e5e00000, 0x00000000e5e00000, 0x00000000e5f00000|  0%| F|  |TAMS 0x00000000e5e00000| PB 0x00000000e5e00000| Untracked 
|  95|0x00000000e5f00000, 0x00000000e5f00000, 0x00000000e6000000|  0%| F|  |TAMS 0x00000000e5f00000| PB 0x00000000e5f00000| Untracked 
|  96|0x00000000e6000000, 0x00000000e6000000, 0x00000000e6100000|  0%| F|  |TAMS 0x00000000e6000000| PB 0x00000000e6000000| Untracked 
|  97|0x00000000e6100000, 0x00000000e6100000, 0x00000000e6200000|  0%| F|  |TAMS 0x00000000e6100000| PB 0x00000000e6100000| Untracked 
|  98|0x00000000e6200000, 0x00000000e6200000, 0x00000000e6300000|  0%| F|  |TAMS 0x00000000e6200000| PB 0x00000000e6200000| Untracked 
|  99|0x00000000e6300000, 0x00000000e6300000, 0x00000000e6400000|  0%| F|  |TAMS 0x00000000e6300000| PB 0x00000000e6300000| Untracked 
| 100|0x00000000e6400000, 0x00000000e6400000, 0x00000000e6500000|  0%| F|  |TAMS 0x00000000e6400000| PB 0x00000000e6400000| Untracked 
| 101|0x00000000e6500000, 0x00000000e6500000, 0x00000000e6600000|  0%| F|  |TAMS 0x00000000e6500000| PB 0x00000000e6500000| Untracked 
| 102|0x00000000e6600000, 0x00000000e6600000, 0x00000000e6700000|  0%| F|  |TAMS 0x00000000e6600000| PB 0x00000000e6600000| Untracked 
| 103|0x00000000e6700000, 0x00000000e6700000, 0x00000000e6800000|  0%| F|  |TAMS 0x00000000e6700000| PB 0x00000000e6700000| Untracked 
| 104|0x00000000e6800000, 0x00000000e6800000, 0x00000000e6900000|  0%| F|  |TAMS 0x00000000e6800000| PB 0x00000000e6800000| Untracked 
| 105|0x00000000e6900000, 0x00000000e6900000, 0x00000000e6a00000|  0%| F|  |TAMS 0x00000000e6900000| PB 0x00000000e6900000| Untracked 
| 106|0x00000000e6a00000, 0x00000000e6a00000, 0x00000000e6b00000|  0%| F|  |TAMS 0x00000000e6a00000| PB 0x00000000e6a00000| Untracked 
| 107|0x00000000e6b00000, 0x00000000e6b00000, 0x00000000e6c00000|  0%| F|  |TAMS 0x00000000e6b00000| PB 0x00000000e6b00000| Untracked 
| 108|0x00000000e6c00000, 0x00000000e6c00000, 0x00000000e6d00000|  0%| F|  |TAMS 0x00000000e6c00000| PB 0x00000000e6c00000| Untracked 
| 109|0x00000000e6d00000, 0x00000000e6d00000, 0x00000000e6e00000|  0%| F|  |TAMS 0x00000000e6d00000| PB 0x00000000e6d00000| Untracked 
| 110|0x00000000e6e00000, 0x00000000e6e00000, 0x00000000e6f00000|  0%| F|  |TAMS 0x00000000e6e00000| PB 0x00000000e6e00000| Untracked 
| 111|0x00000000e6f00000, 0x00000000e6f00000, 0x00000000e7000000|  0%| F|  |TAMS 0x00000000e6f00000| PB 0x00000000e6f00000| Untracked 
| 112|0x00000000e7000000, 0x00000000e7000000, 0x00000000e7100000|  0%| F|  |TAMS 0x00000000e7000000| PB 0x00000000e7000000| Untracked 
| 113|0x00000000e7100000, 0x00000000e7100000, 0x00000000e7200000|  0%| F|  |TAMS 0x00000000e7100000| PB 0x00000000e7100000| Untracked 
| 114|0x00000000e7200000, 0x00000000e7200000, 0x00000000e7300000|  0%| F|  |TAMS 0x00000000e7200000| PB 0x00000000e7200000| Untracked 
| 115|0x00000000e7300000, 0x00000000e7300000, 0x00000000e7400000|  0%| F|  |TAMS 0x00000000e7300000| PB 0x00000000e7300000| Untracked 
| 116|0x00000000e7400000, 0x00000000e7400000, 0x00000000e7500000|  0%| F|  |TAMS 0x00000000e7400000| PB 0x00000000e7400000| Untracked 
| 117|0x00000000e7500000, 0x00000000e7500000, 0x00000000e7600000|  0%| F|  |TAMS 0x00000000e7500000| PB 0x00000000e7500000| Untracked 
| 118|0x00000000e7600000, 0x00000000e7600000, 0x00000000e7700000|  0%| F|  |TAMS 0x00000000e7600000| PB 0x00000000e7600000| Untracked 
| 119|0x00000000e7700000, 0x00000000e7700000, 0x00000000e7800000|  0%| F|  |TAMS 0x00000000e7700000| PB 0x00000000e7700000| Untracked 
| 120|0x00000000e7800000, 0x00000000e7800000, 0x00000000e7900000|  0%| F|  |TAMS 0x00000000e7800000| PB 0x00000000e7800000| Untracked 
| 121|0x00000000e7900000, 0x00000000e7900000, 0x00000000e7a00000|  0%| F|  |TAMS 0x00000000e7900000| PB 0x00000000e7900000| Untracked 
| 122|0x00000000e7a00000, 0x00000000e7a00000, 0x00000000e7b00000|  0%| F|  |TAMS 0x00000000e7a00000| PB 0x00000000e7a00000| Untracked 
| 123|0x00000000e7b00000, 0x00000000e7b00000, 0x00000000e7c00000|  0%| F|  |TAMS 0x00000000e7b00000| PB 0x00000000e7b00000| Untracked 
| 124|0x00000000e7c00000, 0x00000000e7c00000, 0x00000000e7d00000|  0%| F|  |TAMS 0x00000000e7c00000| PB 0x00000000e7c00000| Untracked 
| 125|0x00000000e7d00000, 0x00000000e7d00000, 0x00000000e7e00000|  0%| F|  |TAMS 0x00000000e7d00000| PB 0x00000000e7d00000| Untracked 
| 126|0x00000000e7e00000, 0x00000000e7e00000, 0x00000000e7f00000|  0%| F|  |TAMS 0x00000000e7e00000| PB 0x00000000e7e00000| Untracked 
| 127|0x00000000e7f00000, 0x00000000e7f00000, 0x00000000e8000000|  0%| F|  |TAMS 0x00000000e7f00000| PB 0x00000000e7f00000| Untracked 
| 128|0x00000000e8000000, 0x00000000e8000000, 0x00000000e8100000|  0%| F|  |TAMS 0x00000000e8000000| PB 0x00000000e8000000| Untracked 
| 129|0x00000000e8100000, 0x00000000e8100000, 0x00000000e8200000|  0%| F|  |TAMS 0x00000000e8100000| PB 0x00000000e8100000| Untracked 
| 130|0x00000000e8200000, 0x00000000e8200000, 0x00000000e8300000|  0%| F|  |TAMS 0x00000000e8200000| PB 0x00000000e8200000| Untracked 
| 131|0x00000000e8300000, 0x00000000e8300000, 0x00000000e8400000|  0%| F|  |TAMS 0x00000000e8300000| PB 0x00000000e8300000| Untracked 
| 132|0x00000000e8400000, 0x00000000e8400000, 0x00000000e8500000|  0%| F|  |TAMS 0x00000000e8400000| PB 0x00000000e8400000| Untracked 
| 133|0x00000000e8500000, 0x00000000e8500000, 0x00000000e8600000|  0%| F|  |TAMS 0x00000000e8500000| PB 0x00000000e8500000| Untracked 
| 134|0x00000000e8600000, 0x00000000e8600000, 0x00000000e8700000|  0%| F|  |TAMS 0x00000000e8600000| PB 0x00000000e8600000| Untracked 
| 135|0x00000000e8700000, 0x00000000e8700000, 0x00000000e8800000|  0%| F|  |TAMS 0x00000000e8700000| PB 0x00000000e8700000| Untracked 
| 136|0x00000000e8800000, 0x00000000e8800000, 0x00000000e8900000|  0%| F|  |TAMS 0x00000000e8800000| PB 0x00000000e8800000| Untracked 
| 137|0x00000000e8900000, 0x00000000e8900000, 0x00000000e8a00000|  0%| F|  |TAMS 0x00000000e8900000| PB 0x00000000e8900000| Untracked 
| 138|0x00000000e8a00000, 0x00000000e8a00000, 0x00000000e8b00000|  0%| F|  |TAMS 0x00000000e8a00000| PB 0x00000000e8a00000| Untracked 
| 139|0x00000000e8b00000, 0x00000000e8b00000, 0x00000000e8c00000|  0%| F|  |TAMS 0x00000000e8b00000| PB 0x00000000e8b00000| Untracked 
| 140|0x00000000e8c00000, 0x00000000e8c00000, 0x00000000e8d00000|  0%| F|  |TAMS 0x00000000e8c00000| PB 0x00000000e8c00000| Untracked 
| 141|0x00000000e8d00000, 0x00000000e8d00000, 0x00000000e8e00000|  0%| F|  |TAMS 0x00000000e8d00000| PB 0x00000000e8d00000| Untracked 
| 142|0x00000000e8e00000, 0x00000000e8e00000, 0x00000000e8f00000|  0%| F|  |TAMS 0x00000000e8e00000| PB 0x00000000e8e00000| Untracked 
| 143|0x00000000e8f00000, 0x00000000e8f00000, 0x00000000e9000000|  0%| F|  |TAMS 0x00000000e8f00000| PB 0x00000000e8f00000| Untracked 
| 144|0x00000000e9000000, 0x00000000e9000000, 0x00000000e9100000|  0%| F|  |TAMS 0x00000000e9000000| PB 0x00000000e9000000| Untracked 
| 145|0x00000000e9100000, 0x00000000e9100000, 0x00000000e9200000|  0%| F|  |TAMS 0x00000000e9100000| PB 0x00000000e9100000| Untracked 
| 146|0x00000000e9200000, 0x00000000e9200000, 0x00000000e9300000|  0%| F|  |TAMS 0x00000000e9200000| PB 0x00000000e9200000| Untracked 
| 147|0x00000000e9300000, 0x00000000e9300000, 0x00000000e9400000|  0%| F|  |TAMS 0x00000000e9300000| PB 0x00000000e9300000| Untracked 
| 148|0x00000000e9400000, 0x00000000e9400000, 0x00000000e9500000|  0%| F|  |TAMS 0x00000000e9400000| PB 0x00000000e9400000| Untracked 
| 149|0x00000000e9500000, 0x00000000e9500000, 0x00000000e9600000|  0%| F|  |TAMS 0x00000000e9500000| PB 0x00000000e9500000| Untracked 
| 150|0x00000000e9600000, 0x00000000e9600000, 0x00000000e9700000|  0%| F|  |TAMS 0x00000000e9600000| PB 0x00000000e9600000| Untracked 
| 151|0x00000000e9700000, 0x00000000e9700000, 0x00000000e9800000|  0%| F|  |TAMS 0x00000000e9700000| PB 0x00000000e9700000| Untracked 
| 152|0x00000000e9800000, 0x00000000e9800000, 0x00000000e9900000|  0%| F|  |TAMS 0x00000000e9800000| PB 0x00000000e9800000| Untracked 
| 153|0x00000000e9900000, 0x00000000e9900000, 0x00000000e9a00000|  0%| F|  |TAMS 0x00000000e9900000| PB 0x00000000e9900000| Untracked 
| 154|0x00000000e9a00000, 0x00000000e9a00000, 0x00000000e9b00000|  0%| F|  |TAMS 0x00000000e9a00000| PB 0x00000000e9a00000| Untracked 
| 155|0x00000000e9b00000, 0x00000000e9b00000, 0x00000000e9c00000|  0%| F|  |TAMS 0x00000000e9b00000| PB 0x00000000e9b00000| Untracked 
| 156|0x00000000e9c00000, 0x00000000e9c00000, 0x00000000e9d00000|  0%| F|  |TAMS 0x00000000e9c00000| PB 0x00000000e9c00000| Untracked 
| 157|0x00000000e9d00000, 0x00000000e9d00000, 0x00000000e9e00000|  0%| F|  |TAMS 0x00000000e9d00000| PB 0x00000000e9d00000| Untracked 
| 158|0x00000000e9e00000, 0x00000000e9e00000, 0x00000000e9f00000|  0%| F|  |TAMS 0x00000000e9e00000| PB 0x00000000e9e00000| Untracked 
| 159|0x00000000e9f00000, 0x00000000e9f00000, 0x00000000ea000000|  0%| F|  |TAMS 0x00000000e9f00000| PB 0x00000000e9f00000| Untracked 
| 160|0x00000000ea000000, 0x00000000ea000000, 0x00000000ea100000|  0%| F|  |TAMS 0x00000000ea000000| PB 0x00000000ea000000| Untracked 
| 161|0x00000000ea100000, 0x00000000ea100000, 0x00000000ea200000|  0%| F|  |TAMS 0x00000000ea100000| PB 0x00000000ea100000| Untracked 
| 162|0x00000000ea200000, 0x00000000ea200000, 0x00000000ea300000|  0%| F|  |TAMS 0x00000000ea200000| PB 0x00000000ea200000| Untracked 
| 163|0x00000000ea300000, 0x00000000ea300000, 0x00000000ea400000|  0%| F|  |TAMS 0x00000000ea300000| PB 0x00000000ea300000| Untracked 
| 164|0x00000000ea400000, 0x00000000ea400000, 0x00000000ea500000|  0%| F|  |TAMS 0x00000000ea400000| PB 0x00000000ea400000| Untracked 
| 165|0x00000000ea500000, 0x00000000ea500000, 0x00000000ea600000|  0%| F|  |TAMS 0x00000000ea500000| PB 0x00000000ea500000| Untracked 
| 166|0x00000000ea600000, 0x00000000ea600000, 0x00000000ea700000|  0%| F|  |TAMS 0x00000000ea600000| PB 0x00000000ea600000| Untracked 
| 167|0x00000000ea700000, 0x00000000ea700000, 0x00000000ea800000|  0%| F|  |TAMS 0x00000000ea700000| PB 0x00000000ea700000| Untracked 
| 168|0x00000000ea800000, 0x00000000ea800000, 0x00000000ea900000|  0%| F|  |TAMS 0x00000000ea800000| PB 0x00000000ea800000| Untracked 
| 169|0x00000000ea900000, 0x00000000ea900000, 0x00000000eaa00000|  0%| F|  |TAMS 0x00000000ea900000| PB 0x00000000ea900000| Untracked 
| 170|0x00000000eaa00000, 0x00000000eaa00000, 0x00000000eab00000|  0%| F|  |TAMS 0x00000000eaa00000| PB 0x00000000eaa00000| Untracked 
| 171|0x00000000eab00000, 0x00000000eab00000, 0x00000000eac00000|  0%| F|  |TAMS 0x00000000eab00000| PB 0x00000000eab00000| Untracked 
| 172|0x00000000eac00000, 0x00000000eac00000, 0x00000000ead00000|  0%| F|  |TAMS 0x00000000eac00000| PB 0x00000000eac00000| Untracked 
| 173|0x00000000ead00000, 0x00000000ead00000, 0x00000000eae00000|  0%| F|  |TAMS 0x00000000ead00000| PB 0x00000000ead00000| Untracked 
| 174|0x00000000eae00000, 0x00000000eae00000, 0x00000000eaf00000|  0%| F|  |TAMS 0x00000000eae00000| PB 0x00000000eae00000| Untracked 
| 175|0x00000000eaf00000, 0x00000000eaf00000, 0x00000000eb000000|  0%| F|  |TAMS 0x00000000eaf00000| PB 0x00000000eaf00000| Untracked 
| 176|0x00000000eb000000, 0x00000000eb000000, 0x00000000eb100000|  0%| F|  |TAMS 0x00000000eb000000| PB 0x00000000eb000000| Untracked 
| 177|0x00000000eb100000, 0x00000000eb100000, 0x00000000eb200000|  0%| F|  |TAMS 0x00000000eb100000| PB 0x00000000eb100000| Untracked 
| 178|0x00000000eb200000, 0x00000000eb200000, 0x00000000eb300000|  0%| F|  |TAMS 0x00000000eb200000| PB 0x00000000eb200000| Untracked 
| 179|0x00000000eb300000, 0x00000000eb300000, 0x00000000eb400000|  0%| F|  |TAMS 0x00000000eb300000| PB 0x00000000eb300000| Untracked 
| 180|0x00000000eb400000, 0x00000000eb400000, 0x00000000eb500000|  0%| F|  |TAMS 0x00000000eb400000| PB 0x00000000eb400000| Untracked 
| 181|0x00000000eb500000, 0x00000000eb500000, 0x00000000eb600000|  0%| F|  |TAMS 0x00000000eb500000| PB 0x00000000eb500000| Untracked 
| 182|0x00000000eb600000, 0x00000000eb600000, 0x00000000eb700000|  0%| F|  |TAMS 0x00000000eb600000| PB 0x00000000eb600000| Untracked 
| 183|0x00000000eb700000, 0x00000000eb700000, 0x00000000eb800000|  0%| F|  |TAMS 0x00000000eb700000| PB 0x00000000eb700000| Untracked 
| 184|0x00000000eb800000, 0x00000000eb800000, 0x00000000eb900000|  0%| F|  |TAMS 0x00000000eb800000| PB 0x00000000eb800000| Untracked 
| 185|0x00000000eb900000, 0x00000000eb900000, 0x00000000eba00000|  0%| F|  |TAMS 0x00000000eb900000| PB 0x00000000eb900000| Untracked 
| 186|0x00000000eba00000, 0x00000000eba00000, 0x00000000ebb00000|  0%| F|  |TAMS 0x00000000eba00000| PB 0x00000000eba00000| Untracked 
| 187|0x00000000ebb00000, 0x00000000ebb00000, 0x00000000ebc00000|  0%| F|  |TAMS 0x00000000ebb00000| PB 0x00000000ebb00000| Untracked 
| 188|0x00000000ebc00000, 0x00000000ebc00000, 0x00000000ebd00000|  0%| F|  |TAMS 0x00000000ebc00000| PB 0x00000000ebc00000| Untracked 
| 189|0x00000000ebd00000, 0x00000000ebd00000, 0x00000000ebe00000|  0%| F|  |TAMS 0x00000000ebd00000| PB 0x00000000ebd00000| Untracked 
| 190|0x00000000ebe00000, 0x00000000ebe00000, 0x00000000ebf00000|  0%| F|  |TAMS 0x00000000ebe00000| PB 0x00000000ebe00000| Untracked 
| 191|0x00000000ebf00000, 0x00000000ebf00000, 0x00000000ec000000|  0%| F|  |TAMS 0x00000000ebf00000| PB 0x00000000ebf00000| Untracked 
| 192|0x00000000ec000000, 0x00000000ec000000, 0x00000000ec100000|  0%| F|  |TAMS 0x00000000ec000000| PB 0x00000000ec000000| Untracked 
| 193|0x00000000ec100000, 0x00000000ec100000, 0x00000000ec200000|  0%| F|  |TAMS 0x00000000ec100000| PB 0x00000000ec100000| Untracked 
| 194|0x00000000ec200000, 0x00000000ec200000, 0x00000000ec300000|  0%| F|  |TAMS 0x00000000ec200000| PB 0x00000000ec200000| Untracked 
| 195|0x00000000ec300000, 0x00000000ec300000, 0x00000000ec400000|  0%| F|  |TAMS 0x00000000ec300000| PB 0x00000000ec300000| Untracked 
| 196|0x00000000ec400000, 0x00000000ec400000, 0x00000000ec500000|  0%| F|  |TAMS 0x00000000ec400000| PB 0x00000000ec400000| Untracked 
| 197|0x00000000ec500000, 0x00000000ec500000, 0x00000000ec600000|  0%| F|  |TAMS 0x00000000ec500000| PB 0x00000000ec500000| Untracked 
| 198|0x00000000ec600000, 0x00000000ec600000, 0x00000000ec700000|  0%| F|  |TAMS 0x00000000ec600000| PB 0x00000000ec600000| Untracked 
| 199|0x00000000ec700000, 0x00000000ec700000, 0x00000000ec800000|  0%| F|  |TAMS 0x00000000ec700000| PB 0x00000000ec700000| Untracked 
| 200|0x00000000ec800000, 0x00000000ec800000, 0x00000000ec900000|  0%| F|  |TAMS 0x00000000ec800000| PB 0x00000000ec800000| Untracked 
| 201|0x00000000ec900000, 0x00000000ec900000, 0x00000000eca00000|  0%| F|  |TAMS 0x00000000ec900000| PB 0x00000000ec900000| Untracked 
| 202|0x00000000eca00000, 0x00000000eca00000, 0x00000000ecb00000|  0%| F|  |TAMS 0x00000000eca00000| PB 0x00000000eca00000| Untracked 
| 203|0x00000000ecb00000, 0x00000000ecb00000, 0x00000000ecc00000|  0%| F|  |TAMS 0x00000000ecb00000| PB 0x00000000ecb00000| Untracked 
| 204|0x00000000ecc00000, 0x00000000ecc00000, 0x00000000ecd00000|  0%| F|  |TAMS 0x00000000ecc00000| PB 0x00000000ecc00000| Untracked 
| 205|0x00000000ecd00000, 0x00000000ecd00000, 0x00000000ece00000|  0%| F|  |TAMS 0x00000000ecd00000| PB 0x00000000ecd00000| Untracked 
| 206|0x00000000ece00000, 0x00000000ece00000, 0x00000000ecf00000|  0%| F|  |TAMS 0x00000000ece00000| PB 0x00000000ece00000| Untracked 
| 207|0x00000000ecf00000, 0x00000000ecf00000, 0x00000000ed000000|  0%| F|  |TAMS 0x00000000ecf00000| PB 0x00000000ecf00000| Untracked 
| 208|0x00000000ed000000, 0x00000000ed000000, 0x00000000ed100000|  0%| F|  |TAMS 0x00000000ed000000| PB 0x00000000ed000000| Untracked 
| 209|0x00000000ed100000, 0x00000000ed100000, 0x00000000ed200000|  0%| F|  |TAMS 0x00000000ed100000| PB 0x00000000ed100000| Untracked 
| 210|0x00000000ed200000, 0x00000000ed200000, 0x00000000ed300000|  0%| F|  |TAMS 0x00000000ed200000| PB 0x00000000ed200000| Untracked 
| 211|0x00000000ed300000, 0x00000000ed300000, 0x00000000ed400000|  0%| F|  |TAMS 0x00000000ed300000| PB 0x00000000ed300000| Untracked 
| 212|0x00000000ed400000, 0x00000000ed400000, 0x00000000ed500000|  0%| F|  |TAMS 0x00000000ed400000| PB 0x00000000ed400000| Untracked 
| 213|0x00000000ed500000, 0x00000000ed500000, 0x00000000ed600000|  0%| F|  |TAMS 0x00000000ed500000| PB 0x00000000ed500000| Untracked 
| 214|0x00000000ed600000, 0x00000000ed600000, 0x00000000ed700000|  0%| F|  |TAMS 0x00000000ed600000| PB 0x00000000ed600000| Untracked 
| 215|0x00000000ed700000, 0x00000000ed700000, 0x00000000ed800000|  0%| F|  |TAMS 0x00000000ed700000| PB 0x00000000ed700000| Untracked 
| 216|0x00000000ed800000, 0x00000000ed800000, 0x00000000ed900000|  0%| F|  |TAMS 0x00000000ed800000| PB 0x00000000ed800000| Untracked 
| 217|0x00000000ed900000, 0x00000000ed900000, 0x00000000eda00000|  0%| F|  |TAMS 0x00000000ed900000| PB 0x00000000ed900000| Untracked 
| 218|0x00000000eda00000, 0x00000000eda00000, 0x00000000edb00000|  0%| F|  |TAMS 0x00000000eda00000| PB 0x00000000eda00000| Untracked 
| 219|0x00000000edb00000, 0x00000000edb00000, 0x00000000edc00000|  0%| F|  |TAMS 0x00000000edb00000| PB 0x00000000edb00000| Untracked 
| 220|0x00000000edc00000, 0x00000000edc00000, 0x00000000edd00000|  0%| F|  |TAMS 0x00000000edc00000| PB 0x00000000edc00000| Untracked 
| 221|0x00000000edd00000, 0x00000000edd00000, 0x00000000ede00000|  0%| F|  |TAMS 0x00000000edd00000| PB 0x00000000edd00000| Untracked 
| 222|0x00000000ede00000, 0x00000000ede00000, 0x00000000edf00000|  0%| F|  |TAMS 0x00000000ede00000| PB 0x00000000ede00000| Untracked 
| 223|0x00000000edf00000, 0x00000000edf00000, 0x00000000ee000000|  0%| F|  |TAMS 0x00000000edf00000| PB 0x00000000edf00000| Untracked 
| 224|0x00000000ee000000, 0x00000000ee000000, 0x00000000ee100000|  0%| F|  |TAMS 0x00000000ee000000| PB 0x00000000ee000000| Untracked 
| 225|0x00000000ee100000, 0x00000000ee100000, 0x00000000ee200000|  0%| F|  |TAMS 0x00000000ee100000| PB 0x00000000ee100000| Untracked 
| 226|0x00000000ee200000, 0x00000000ee200000, 0x00000000ee300000|  0%| F|  |TAMS 0x00000000ee200000| PB 0x00000000ee200000| Untracked 
| 227|0x00000000ee300000, 0x00000000ee300000, 0x00000000ee400000|  0%| F|  |TAMS 0x00000000ee300000| PB 0x00000000ee300000| Untracked 
| 228|0x00000000ee400000, 0x00000000ee400000, 0x00000000ee500000|  0%| F|  |TAMS 0x00000000ee400000| PB 0x00000000ee400000| Untracked 
| 229|0x00000000ee500000, 0x00000000ee500000, 0x00000000ee600000|  0%| F|  |TAMS 0x00000000ee500000| PB 0x00000000ee500000| Untracked 
| 230|0x00000000ee600000, 0x00000000ee700000, 0x00000000ee700000|100%| E|  |TAMS 0x00000000ee600000| PB 0x00000000ee600000| Complete 
| 231|0x00000000ee700000, 0x00000000ee800000, 0x00000000ee800000|100%| E|  |TAMS 0x00000000ee700000| PB 0x00000000ee700000| Complete 
| 232|0x00000000ee800000, 0x00000000ee900000, 0x00000000ee900000|100%| E|CS|TAMS 0x00000000ee800000| PB 0x00000000ee800000| Complete 
| 233|0x00000000ee900000, 0x00000000eea00000, 0x00000000eea00000|100%| E|CS|TAMS 0x00000000ee900000| PB 0x00000000ee900000| Complete 
| 234|0x00000000eea00000, 0x00000000eeb00000, 0x00000000eeb00000|100%| E|CS|TAMS 0x00000000eea00000| PB 0x00000000eea00000| Complete 
| 235|0x00000000eeb00000, 0x00000000eec00000, 0x00000000eec00000|100%| E|CS|TAMS 0x00000000eeb00000| PB 0x00000000eeb00000| Complete 
| 236|0x00000000eec00000, 0x00000000eed00000, 0x00000000eed00000|100%| E|CS|TAMS 0x00000000eec00000| PB 0x00000000eec00000| Complete 
| 237|0x00000000eed00000, 0x00000000eee00000, 0x00000000eee00000|100%| E|CS|TAMS 0x00000000eed00000| PB 0x00000000eed00000| Complete 
| 238|0x00000000eee00000, 0x00000000eef00000, 0x00000000eef00000|100%| E|CS|TAMS 0x00000000eee00000| PB 0x00000000eee00000| Complete 
| 239|0x00000000eef00000, 0x00000000ef000000, 0x00000000ef000000|100%| E|CS|TAMS 0x00000000eef00000| PB 0x00000000eef00000| Complete 
| 240|0x00000000ef000000, 0x00000000ef100000, 0x00000000ef100000|100%| E|CS|TAMS 0x00000000ef000000| PB 0x00000000ef000000| Complete 
| 241|0x00000000ef100000, 0x00000000ef200000, 0x00000000ef200000|100%| E|CS|TAMS 0x00000000ef100000| PB 0x00000000ef100000| Complete 
| 242|0x00000000ef200000, 0x00000000ef300000, 0x00000000ef300000|100%| E|CS|TAMS 0x00000000ef200000| PB 0x00000000ef200000| Complete 
| 243|0x00000000ef300000, 0x00000000ef400000, 0x00000000ef400000|100%| E|CS|TAMS 0x00000000ef300000| PB 0x00000000ef300000| Complete 
| 244|0x00000000ef400000, 0x00000000ef500000, 0x00000000ef500000|100%| E|CS|TAMS 0x00000000ef400000| PB 0x00000000ef400000| Complete 
| 245|0x00000000ef500000, 0x00000000ef600000, 0x00000000ef600000|100%| S|CS|TAMS 0x00000000ef500000| PB 0x00000000ef500000| Complete 
| 246|0x00000000ef600000, 0x00000000ef700000, 0x00000000ef700000|100%| S|CS|TAMS 0x00000000ef600000| PB 0x00000000ef600000| Complete 
| 247|0x00000000ef700000, 0x00000000ef800000, 0x00000000ef800000|100%| S|CS|TAMS 0x00000000ef700000| PB 0x00000000ef700000| Complete 
| 248|0x00000000ef800000, 0x00000000ef900000, 0x00000000ef900000|100%| S|CS|TAMS 0x00000000ef800000| PB 0x00000000ef800000| Complete 
| 249|0x00000000ef900000, 0x00000000efa00000, 0x00000000efa00000|100%| S|CS|TAMS 0x00000000ef900000| PB 0x00000000ef900000| Complete 
| 250|0x00000000efa00000, 0x00000000efb00000, 0x00000000efb00000|100%| S|CS|TAMS 0x00000000efa00000| PB 0x00000000efa00000| Complete 
| 251|0x00000000efb00000, 0x00000000efc00000, 0x00000000efc00000|100%| S|CS|TAMS 0x00000000efb00000| PB 0x00000000efb00000| Complete 
| 252|0x00000000efc00000, 0x00000000efd00000, 0x00000000efd00000|100%| S|CS|TAMS 0x00000000efc00000| PB 0x00000000efc00000| Complete 
| 253|0x00000000efd00000, 0x00000000efe00000, 0x00000000efe00000|100%| E|CS|TAMS 0x00000000efd00000| PB 0x00000000efd00000| Complete 
| 254|0x00000000efe00000, 0x00000000eff00000, 0x00000000eff00000|100%| E|CS|TAMS 0x00000000efe00000| PB 0x00000000efe00000| Complete 
| 255|0x00000000eff00000, 0x00000000f0000000, 0x00000000f0000000|100%| E|CS|TAMS 0x00000000eff00000| PB 0x00000000eff00000| Complete 

Card table byte_map: [0x000001f07f9a0000,0x000001f07faa0000] _byte_map_base: 0x000001f07f2a0000

Marking Bits: (CMBitMap*) 0x000001f07f8f8a50
 Bits: [0x000001f0173b0000, 0x000001f017bb0000)

Polling page: 0x000001f07d6b0000

Metaspace:

Usage:
  Non-class:     32.45 MB used.
      Class:      5.78 MB used.
       Both:     38.24 MB used.

Virtual space:
  Non-class space:       64.00 MB reserved,      33.06 MB ( 52%) committed,  1 nodes.
      Class space:      320.00 MB reserved,       6.38 MB (  2%) committed,  1 nodes.
             Both:      384.00 MB reserved,      39.44 MB ( 10%) committed. 

Chunk freelists:
   Non-Class:  14.97 MB
       Class:  9.44 MB
        Both:  24.41 MB

MaxMetaspaceSize: 384.00 MB
CompressedClassSpaceSize: 320.00 MB
Initial GC threshold: 21.00 MB
Current GC threshold: 59.31 MB
CDS: on
 - commit_granule_bytes: 65536.
 - commit_granule_words: 8192.
 - virtual_space_node_default_size: 8388608.
 - enlarge_chunks_in_place: 1.
 - use_allocation_guard: 0.


Internal statistics:

num_allocs_failed_limit: 9.
num_arena_births: 2114.
num_arena_deaths: 0.
num_vsnodes_births: 2.
num_vsnodes_deaths: 0.
num_space_committed: 631.
num_space_uncommitted: 0.
num_chunks_returned_to_freelist: 9.
num_chunks_taken_from_freelist: 3727.
num_chunk_merges: 9.
num_chunk_splits: 2499.
num_chunks_enlarged: 1631.
num_inconsistent_stats: 0.

CodeHeap 'non-profiled nmethods': size=120000Kb used=1711Kb max_used=2004Kb free=118288Kb
 bounds [0x000001f00fe80000, 0x000001f0100f0000, 0x000001f0173b0000]
CodeHeap 'profiled nmethods': size=120000Kb used=7482Kb max_used=8529Kb free=112517Kb
 bounds [0x000001f0083b0000, 0x000001f008c10000, 0x000001f00f8e0000]
CodeHeap 'non-nmethods': size=5760Kb used=1919Kb max_used=1951Kb free=3840Kb
 bounds [0x000001f00f8e0000, 0x000001f00fb50000, 0x000001f00fe80000]
 total_blobs=4609 nmethods=3919 adapters=594
 compilation: enabled
              stopped_count=0, restarted_count=0
 full_count=0

Compilation events (20 events):
Event: 11.475 Thread 0x000001f019d89740 4363       3       java.lang.StringUTF16::length (5 bytes)
Event: 11.476 Thread 0x000001f019d89740 nmethod 4363 0x000001f0083cb910 code [0x000001f0083cbaa0, 0x000001f0083cbb98]
Event: 11.477 Thread 0x000001f019d89740 4364       3       java.lang.StringUTF16::checkIndex (9 bytes)
Event: 11.477 Thread 0x000001f019d89740 nmethod 4364 0x000001f0083d8b90 code [0x000001f0083d8d40, 0x000001f0083d8f38]
Event: 11.477 Thread 0x000001f019d89740 4365       3       java.lang.StringUTF16::charAt (11 bytes)
Event: 11.478 Thread 0x000001f019d89740 nmethod 4365 0x000001f008409490 code [0x000001f008409640, 0x000001f0084098a8]
Event: 11.623 Thread 0x000001f019d89740 4368       3       java.lang.invoke.DelegatingMethodHandle::<init> (10 bytes)
Event: 11.624 Thread 0x000001f019d89740 nmethod 4368 0x000001f0083fb390 code [0x000001f0083fb560, 0x000001f0083fb928]
Event: 11.624 Thread 0x000001f019d89740 4369       3       java.lang.invoke.DelegatingMethodHandle::chooseDelegatingForm (24 bytes)
Event: 11.624 Thread 0x000001f019d89740 nmethod 4369 0x000001f0084e6b90 code [0x000001f0084e6d60, 0x000001f0084e7088]
Event: 11.637 Thread 0x000001f019d89740 4370       1       org.jetbrains.kotlin.com.intellij.psi.tree.IElementType::getIndex (5 bytes)
Event: 11.637 Thread 0x000001f019d89740 nmethod 4370 0x000001f00ff5af90 code [0x000001f00ff5b120, 0x000001f00ff5b1f0]
Event: 11.662 Thread 0x000001f019d89740 4371   !   2       java.lang.ClassLoader::addClass (27 bytes)
Event: 11.663 Thread 0x000001f019d89740 nmethod 4371 0x000001f00841e890 code [0x000001f00841ea60, 0x000001f00841edf0]
Event: 11.829 Thread 0x000001f019d89740 4373       1       java.lang.reflect.Constructor::getSharedParameterTypes (5 bytes)
Event: 11.829 Thread 0x000001f019d89740 nmethod 4373 0x000001f00fe88f10 code [0x000001f00fe890a0, 0x000001f00fe89168]
Event: 11.909 Thread 0x000001f019d89740 4374       3       java.lang.Class::arrayContentsEq (70 bytes)
Event: 11.910 Thread 0x000001f019d89740 nmethod 4374 0x000001f008428b90 code [0x000001f008428d80, 0x000001f0084291d0]
Event: 11.954 Thread 0x000001f019d89740 4375       3       java.lang.Class::getConstructor0 (83 bytes)
Event: 11.956 Thread 0x000001f019d89740 nmethod 4375 0x000001f0083b9f10 code [0x000001f0083ba1a0, 0x000001f0083bac30]

GC Heap History (14 events):
Event: 0.920 GC heap before
{Heap before GC invocations=0 (full 0):
 garbage-first heap   total 262144K, used 13312K [0x00000000e0000000, 0x0000000100000000)
  region size 1024K, 13 young (13312K), 0 survivors (0K)
 Metaspace       used 978K, committed 1088K, reserved 393216K
  class space    used 79K, committed 128K, reserved 327680K
}
Event: 0.925 GC heap after
{Heap after GC invocations=1 (full 0):
 garbage-first heap   total 262144K, used 2608K [0x00000000e0000000, 0x0000000100000000)
  region size 1024K, 2 young (2048K), 2 survivors (2048K)
 Metaspace       used 978K, committed 1088K, reserved 393216K
  class space    used 79K, committed 128K, reserved 327680K
}
Event: 2.088 GC heap before
{Heap before GC invocations=1 (full 0):
 garbage-first heap   total 262144K, used 27184K [0x00000000e0000000, 0x0000000100000000)
  region size 1024K, 23 young (23552K), 2 survivors (2048K)
 Metaspace       used 4084K, committed 4352K, reserved 393216K
  class space    used 502K, committed 640K, reserved 327680K
}
Event: 2.096 GC heap after
{Heap after GC invocations=2 (full 0):
 garbage-first heap   total 262144K, used 11107K [0x00000000e0000000, 0x0000000100000000)
  region size 1024K, 3 young (3072K), 3 survivors (3072K)
 Metaspace       used 4084K, committed 4352K, reserved 393216K
  class space    used 502K, committed 640K, reserved 327680K
}
Event: 2.948 GC heap before
{Heap before GC invocations=2 (full 0):
 garbage-first heap   total 262144K, used 36707K [0x00000000e0000000, 0x0000000100000000)
  region size 1024K, 28 young (28672K), 3 survivors (3072K)
 Metaspace       used 4204K, committed 4416K, reserved 393216K
  class space    used 504K, committed 640K, reserved 327680K
}
Event: 2.955 GC heap after
{Heap after GC invocations=3 (full 0):
 garbage-first heap   total 262144K, used 15226K [0x00000000e0000000, 0x0000000100000000)
  region size 1024K, 4 young (4096K), 4 survivors (4096K)
 Metaspace       used 4204K, committed 4416K, reserved 393216K
  class space    used 504K, committed 640K, reserved 327680K
}
Event: 7.370 GC heap before
{Heap before GC invocations=3 (full 0):
 garbage-first heap   total 262144K, used 113530K [0x00000000e0000000, 0x0000000100000000)
  region size 1024K, 102 young (104448K), 4 survivors (4096K)
 Metaspace       used 20814K, committed 21504K, reserved 393216K
  class space    used 2991K, committed 3328K, reserved 327680K
}
Event: 7.401 GC heap after
{Heap after GC invocations=4 (full 0):
 garbage-first heap   total 262144K, used 23694K [0x00000000e0000000, 0x0000000100000000)
  region size 1024K, 13 young (13312K), 13 survivors (13312K)
 Metaspace       used 20814K, committed 21504K, reserved 393216K
  class space    used 2991K, committed 3328K, reserved 327680K
}
Event: 10.845 GC heap before
{Heap before GC invocations=5 (full 0):
 garbage-first heap   total 262144K, used 121998K [0x00000000e0000000, 0x0000000100000000)
  region size 1024K, 110 young (112640K), 13 survivors (13312K)
 Metaspace       used 33885K, committed 35136K, reserved 393216K
  class space    used 4823K, committed 5440K, reserved 327680K
}
Event: 10.886 GC heap after
{Heap after GC invocations=6 (full 0):
 garbage-first heap   total 262144K, used 31192K [0x00000000e0000000, 0x0000000100000000)
  region size 1024K, 8 young (8192K), 8 survivors (8192K)
 Metaspace       used 33885K, committed 35136K, reserved 393216K
  class space    used 4823K, committed 5440K, reserved 327680K
}
Event: 11.177 GC heap before
{Heap before GC invocations=6 (full 0):
 garbage-first heap   total 262144K, used 48600K [0x00000000e0000000, 0x0000000100000000)
  region size 1024K, 26 young (26624K), 8 survivors (8192K)
 Metaspace       used 34725K, committed 35968K, reserved 393216K
  class space    used 4945K, committed 5568K, reserved 327680K
}
Event: 11.196 GC heap after
{Heap after GC invocations=7 (full 0):
 garbage-first heap   total 262144K, used 30923K [0x00000000e0000000, 0x0000000100000000)
  region size 1024K, 7 young (7168K), 7 survivors (7168K)
 Metaspace       used 34725K, committed 35968K, reserved 393216K
  class space    used 4945K, committed 5568K, reserved 327680K
}
Event: 11.295 GC heap before
{Heap before GC invocations=7 (full 0):
 garbage-first heap   total 262144K, used 32971K [0x00000000e0000000, 0x0000000100000000)
  region size 1024K, 10 young (10240K), 7 survivors (7168K)
 Metaspace       used 35038K, committed 36288K, reserved 393216K
  class space    used 4995K, committed 5632K, reserved 327680K
}
Event: 11.309 GC heap after
{Heap after GC invocations=8 (full 0):
 garbage-first heap   total 262144K, used 31947K [0x00000000e0000000, 0x0000000100000000)
  region size 1024K, 8 young (8192K), 8 survivors (8192K)
 Metaspace       used 35038K, committed 36288K, reserved 393216K
  class space    used 4995K, committed 5632K, reserved 327680K
}

Dll operation events (15 events):
Event: 0.025 Loaded shared library C:\Program Files\Java\jdk-21.0.3\bin\java.dll
Event: 0.116 Loaded shared library C:\Program Files\Java\jdk-21.0.3\bin\jsvml.dll
Event: 0.308 Loaded shared library C:\Program Files\Java\jdk-21.0.3\bin\zip.dll
Event: 0.317 Loaded shared library C:\Program Files\Java\jdk-21.0.3\bin\instrument.dll
Event: 0.329 Loaded shared library C:\Program Files\Java\jdk-21.0.3\bin\net.dll
Event: 0.333 Loaded shared library C:\Program Files\Java\jdk-21.0.3\bin\nio.dll
Event: 0.344 Loaded shared library C:\Program Files\Java\jdk-21.0.3\bin\zip.dll
Event: 0.859 Loaded shared library C:\Program Files\Java\jdk-21.0.3\bin\jimage.dll
Event: 0.963 Loaded shared library C:\Program Files\Java\jdk-21.0.3\bin\verify.dll
Event: 1.292 Loaded shared library C:\Users\Carito\.gradle\native\c067742578af261105cb4f569cf0c3c89f3d7b1fecec35dd04571415982c5e48\windows-amd64\native-platform.dll
Event: 1.319 Loaded shared library C:\Users\Carito\.gradle\native\38dada09dfb8b06ba9b0570ebf7e218e3eb74d4ef43ca46872605cf95ebc2f47\windows-amd64\native-platform-file-events.dll
Event: 3.747 Loaded shared library C:\Program Files\Java\jdk-21.0.3\bin\management.dll
Event: 3.754 Loaded shared library C:\Program Files\Java\jdk-21.0.3\bin\management_ext.dll
Event: 4.217 Loaded shared library C:\Program Files\Java\jdk-21.0.3\bin\extnet.dll
Event: 4.633 Loaded shared library C:\Program Files\Java\jdk-21.0.3\bin\sunmscapi.dll

Deoptimization events (20 events):
Event: 11.213 Thread 0x000001f034cbb850 DEOPT PACKING pc=0x000001f010037750 sp=0x0000003e72dfdd60
Event: 11.213 Thread 0x000001f034cbb850 DEOPT UNPACKING pc=0x000001f00f9346a2 sp=0x0000003e72dfdd28 mode 2
Event: 11.236 Thread 0x000001f034cbb850 Uncommon trap: trap_request=0xffffffc6 fr.pc=0x000001f010037750 relative=0x0000000000000b50
Event: 11.236 Thread 0x000001f034cbb850 Uncommon trap: reason=bimorphic_or_optimized_type_check action=maybe_recompile pc=0x000001f010037750 method=java.io.BufferedInputStream.implRead([BII)I @ 100 c2
Event: 11.236 Thread 0x000001f034cbb850 DEOPT PACKING pc=0x000001f010037750 sp=0x0000003e72dfdd90
Event: 11.236 Thread 0x000001f034cbb850 DEOPT UNPACKING pc=0x000001f00f9346a2 sp=0x0000003e72dfdd58 mode 2
Event: 11.244 Thread 0x000001f034cbb850 Uncommon trap: trap_request=0xffffffc6 fr.pc=0x000001f010037750 relative=0x0000000000000b50
Event: 11.244 Thread 0x000001f034cbb850 Uncommon trap: reason=bimorphic_or_optimized_type_check action=maybe_recompile pc=0x000001f010037750 method=java.io.BufferedInputStream.implRead([BII)I @ 100 c2
Event: 11.244 Thread 0x000001f034cbb850 DEOPT PACKING pc=0x000001f010037750 sp=0x0000003e72dfdda0
Event: 11.244 Thread 0x000001f034cbb850 DEOPT UNPACKING pc=0x000001f00f9346a2 sp=0x0000003e72dfdd68 mode 2
Event: 11.248 Thread 0x000001f034cbb850 Uncommon trap: trap_request=0xffffffc6 fr.pc=0x000001f010037750 relative=0x0000000000000b50
Event: 11.248 Thread 0x000001f034cbb850 Uncommon trap: reason=bimorphic_or_optimized_type_check action=maybe_recompile pc=0x000001f010037750 method=java.io.BufferedInputStream.implRead([BII)I @ 100 c2
Event: 11.248 Thread 0x000001f034cbb850 DEOPT PACKING pc=0x000001f010037750 sp=0x0000003e72dfdda0
Event: 11.248 Thread 0x000001f034cbb850 DEOPT UNPACKING pc=0x000001f00f9346a2 sp=0x0000003e72dfdd68 mode 2
Event: 11.506 Thread 0x000001f034cbd920 DEOPT PACKING pc=0x000001f008bb03d7 sp=0x0000003e727f5eb0
Event: 11.506 Thread 0x000001f034cbd920 DEOPT UNPACKING pc=0x000001f00f934e42 sp=0x0000003e727f5338 mode 0
Event: 11.735 Thread 0x000001f034cbd920 DEOPT PACKING pc=0x000001f008bb03d7 sp=0x0000003e727f1f70
Event: 11.735 Thread 0x000001f034cbd920 DEOPT UNPACKING pc=0x000001f00f934e42 sp=0x0000003e727f13f8 mode 0
Event: 11.905 Thread 0x000001f034cbd920 DEOPT PACKING pc=0x000001f008bb03d7 sp=0x0000003e727f54f0
Event: 11.905 Thread 0x000001f034cbd920 DEOPT UNPACKING pc=0x000001f00f934e42 sp=0x0000003e727f4978 mode 0

Classes loaded (20 events):
Event: 10.476 Loading class jdk/internal/jimage/ImageReader$Resource
Event: 10.476 Loading class jdk/internal/jimage/ImageReader$Resource done
Event: 10.676 Loading class java/util/WeakHashMap$KeyIterator
Event: 10.677 Loading class java/util/WeakHashMap$HashIterator
Event: 10.677 Loading class java/util/WeakHashMap$HashIterator done
Event: 10.677 Loading class java/util/WeakHashMap$KeyIterator done
Event: 10.716 Loading class java/lang/ThreadLocal$SuppliedThreadLocal
Event: 10.717 Loading class java/lang/ThreadLocal$SuppliedThreadLocal done
Event: 10.747 Loading class sun/nio/fs/WindowsPath$1
Event: 10.747 Loading class sun/nio/fs/WindowsPath$1 done
Event: 10.747 Loading class sun/nio/fs/WindowsException
Event: 10.748 Loading class sun/nio/fs/WindowsException done
Event: 10.817 Loading class java/util/Collections$SynchronizedRandomAccessList
Event: 10.818 Loading class java/util/Collections$SynchronizedList
Event: 10.818 Loading class java/util/Collections$SynchronizedList done
Event: 10.818 Loading class java/util/Collections$SynchronizedRandomAccessList done
Event: 11.216 Loading class java/nio/charset/CharacterCodingException
Event: 11.217 Loading class java/nio/charset/CharacterCodingException done
Event: 11.481 Loading class java/util/EmptyStackException
Event: 11.482 Loading class java/util/EmptyStackException done

Classes unloaded (0 events):
No events

Classes redefined (0 events):
No events

Internal exceptions (20 events):
Event: 10.696 Thread 0x000001f034cbd920 Exception <a 'java/lang/ClassNotFoundException'{0x00000000ea2d5b38}: org/gradle/internal/extensibility/DefaultExtraPropertiesExtensionCustomizer> (0x00000000ea2d5b38) 
thrown [s\open\src\hotspot\share\classfile\systemDictionary.cpp, line 312]
Event: 10.703 Thread 0x000001f034cbd920 Exception <a 'java/lang/IncompatibleClassChangeError'{0x00000000ea2f05e8}: Found class java.lang.Object, but interface was expected> (0x00000000ea2f05e8) 
thrown [s\open\src\hotspot\share\interpreter\linkResolver.cpp, line 840]
Event: 10.748 Thread 0x000001f034cbd920 Exception <a 'sun/nio/fs/WindowsException'{0x00000000ea1ced98}> (0x00000000ea1ced98) 
thrown [s\open\src\hotspot\share\prims\jni.cpp, line 520]
Event: 10.749 Thread 0x000001f034cbd920 Exception <a 'sun/nio/fs/WindowsException'{0x00000000ea1d02c0}> (0x00000000ea1d02c0) 
thrown [s\open\src\hotspot\share\prims\jni.cpp, line 520]
Event: 10.751 Thread 0x000001f034cbd920 Exception <a 'sun/nio/fs/WindowsException'{0x00000000ea1d1790}> (0x00000000ea1d1790) 
thrown [s\open\src\hotspot\share\prims\jni.cpp, line 520]
Event: 10.752 Thread 0x000001f034cbd920 Exception <a 'sun/nio/fs/WindowsException'{0x00000000ea1d2c80}> (0x00000000ea1d2c80) 
thrown [s\open\src\hotspot\share\prims\jni.cpp, line 520]
Event: 10.794 Thread 0x000001f034cbd920 Exception <a 'java/lang/NoSuchMethodError'{0x00000000e9f004f0}: 'java.lang.Object java.lang.invoke.Invokers$Holder.invoker(java.lang.Object, java.lang.Object, java.lang.Object, java.lang.Object, java.lang.Object, java.lang.Object)'> (0x00000000e9f004f0) 
thrown [s\open\src\hotspot\share\interpreter\linkResolver.cpp, line 773]
Event: 10.836 Thread 0x000001f034cbd920 Exception <a 'java/lang/NoSuchMethodError'{0x00000000e9fd6920}: 'java.lang.Object java.lang.invoke.Invokers$Holder.invoker(java.lang.Object, java.lang.Object, java.lang.Object, java.lang.Object, java.lang.Object)'> (0x00000000e9fd6920) 
thrown [s\open\src\hotspot\share\interpreter\linkResolver.cpp, line 773]
Event: 10.844 Thread 0x000001f034cbd920 Exception <a 'java/lang/NoSuchMethodError'{0x00000000e9ff1da0}: 'java.lang.Object java.lang.invoke.DirectMethodHandle$Holder.invokeSpecial(java.lang.Object, java.lang.Object, java.lang.Object, java.lang.Object, java.lang.Object, java.lang.Object, java.lang.Object, java.lang.Object, java.lang.Object, java.lang.Object, java.lang.Object, java.lang.Object, java.lang.Object, java.lang.Object, java.lang.Object, java.lang.Object, java.lang.Object, java.lang.Object, java.lang.Object, java.lang.Object, java.lang.Ob
Event: 10.844 Thread 0x000001f034cbd920 Exception <a 'java/lang/NoSuchMethodError'{0x00000000e9ff7a28}: 'java.lang.Object java.lang.invoke.DelegatingMethodHandle$Holder.reinvoke_L(java.lang.Object, java.lang.Object, java.lang.Object, java.lang.Object, java.lang.Object, java.lang.Object, java.lang.Object, java.lang.Object, java.lang.Object, java.lang.Object, java.lang.Object, java.lang.Object, java.lang.Object, java.lang.Object, java.lang.Object, java.lang.Object, java.lang.Object, java.lang.Object, java.lang.Object, java.lang.Object, java.lang.O
Event: 10.893 Thread 0x000001f034cbd920 Exception <a 'java/lang/NoSuchMethodError'{0x00000000eff03330}: 'java.lang.Object java.lang.invoke.Invokers$Holder.invoker(java.lang.Object, java.lang.Object, java.lang.Object, java.lang.Object, java.lang.Object, java.lang.Object, java.lang.Object, java.lang.Object, java.lang.Object, java.lang.Object, java.lang.Object, java.lang.Object, java.lang.Object, java.lang.Object, java.lang.Object, java.lang.Object, java.lang.Object, java.lang.Object, java.lang.Object, java.lang.Object, java.lang.Object, java.lang.
Event: 10.894 Thread 0x000001f034cbd920 Exception <a 'java/lang/NoSuchMethodError'{0x00000000eff097b8}: 'java.lang.Object java.lang.invoke.DelegatingMethodHandle$Holder.delegate(java.lang.Object, java.lang.Object, java.lang.Object, java.lang.Object, java.lang.Object, java.lang.Object, java.lang.Object, java.lang.Object, java.lang.Object, java.lang.Object, java.lang.Object, java.lang.Object, java.lang.Object, java.lang.Object, java.lang.Object, java.lang.Object, java.lang.Object, java.lang.Object, java.lang.Object, java.lang.Object, java.lang.Obj
Event: 11.141 Thread 0x000001f034cbd920 Exception <a 'java/lang/IncompatibleClassChangeError'{0x00000000ef0d4c28}: Found class java.lang.Object, but interface was expected> (0x00000000ef0d4c28) 
thrown [s\open\src\hotspot\share\interpreter\linkResolver.cpp, line 840]
Event: 11.163 Thread 0x000001f034cbd920 Exception <a 'java/lang/NoSuchMethodError'{0x00000000eef7ff28}: 'java.lang.Object java.lang.invoke.DirectMethodHandle$Holder.newInvokeSpecial(java.lang.Object, java.lang.Object, long)'> (0x00000000eef7ff28) 
thrown [s\open\src\hotspot\share\interpreter\linkResolver.cpp, line 773]
Event: 11.163 Thread 0x000001f034cbd920 Exception <a 'java/lang/NoSuchMethodError'{0x00000000eef847d0}: 'java.lang.Object java.lang.invoke.Invokers$Holder.linkToTargetMethod(java.lang.Object, long, java.lang.Object)'> (0x00000000eef847d0) 
thrown [s\open\src\hotspot\share\interpreter\linkResolver.cpp, line 773]
Event: 11.206 Thread 0x000001f034cbb850 Implicit null exception at 0x000001f01003bac7 to 0x000001f01003be7c
Event: 11.231 Thread 0x000001f034cbd920 Exception <a 'java/lang/NoSuchMethodError'{0x00000000efe76c78}: 'int java.lang.invoke.DirectMethodHandle$Holder.invokeInterface(java.lang.Object, java.lang.Object)'> (0x00000000efe76c78) 
thrown [s\open\src\hotspot\share\interpreter\linkResolver.cpp, line 773]
Event: 11.397 Thread 0x000001f034cbd920 Exception <a 'java/lang/IncompatibleClassChangeError'{0x00000000efd09878}: Found class java.lang.Object, but interface was expected> (0x00000000efd09878) 
thrown [s\open\src\hotspot\share\interpreter\linkResolver.cpp, line 840]
Event: 11.412 Thread 0x000001f034cbd920 Exception <a 'java/lang/NoSuchMethodError'{0x00000000efd68f20}: 'void java.lang.invoke.DirectMethodHandle$Holder.invokeStatic(java.lang.Object, java.lang.Object, java.lang.Object, java.lang.Object, java.lang.Object, java.lang.Object)'> (0x00000000efd68f20) 
thrown [s\open\src\hotspot\share\interpreter\linkResolver.cpp, line 773]
Event: 11.507 Thread 0x000001f034cbd920 Exception <a 'java/lang/NoSuchMethodError'{0x00000000ef396e30}: 'java.lang.Object java.lang.invoke.DirectMethodHandle$Holder.invokeStaticInit(java.lang.Object, int)'> (0x00000000ef396e30) 
thrown [s\open\src\hotspot\share\interpreter\linkResolver.cpp, line 773]

ZGC Phase Switch (0 events):
No events

VM Operations (20 events):
Event: 11.145 Executing VM operation: HandshakeAllThreads (Deoptimize)
Event: 11.145 Executing VM operation: HandshakeAllThreads (Deoptimize) done
Event: 11.177 Executing VM operation: CollectForMetadataAllocation (Metadata GC Threshold)
Event: 11.196 Executing VM operation: CollectForMetadataAllocation (Metadata GC Threshold) done
Event: 11.203 Executing VM operation: HandshakeAllThreads (Deoptimize)
Event: 11.203 Executing VM operation: HandshakeAllThreads (Deoptimize) done
Event: 11.295 Executing VM operation: CollectForMetadataAllocation (Metadata GC Threshold)
Event: 11.309 Executing VM operation: CollectForMetadataAllocation (Metadata GC Threshold) done
Event: 11.378 Executing VM operation: G1PauseRemark
Event: 11.387 Executing VM operation: G1PauseRemark done
Event: 11.407 Executing VM operation: G1PauseCleanup
Event: 11.407 Executing VM operation: G1PauseCleanup done
Event: 11.481 Executing VM operation: HandshakeAllThreads (Deoptimize)
Event: 11.481 Executing VM operation: HandshakeAllThreads (Deoptimize) done
Event: 11.503 Executing VM operation: HandshakeAllThreads (Deoptimize)
Event: 11.504 Executing VM operation: HandshakeAllThreads (Deoptimize) done
Event: 11.724 Executing VM operation: HandshakeAllThreads (Deoptimize)
Event: 11.724 Executing VM operation: HandshakeAllThreads (Deoptimize) done
Event: 11.727 Executing VM operation: HandshakeAllThreads (Deoptimize)
Event: 11.727 Executing VM operation: HandshakeAllThreads (Deoptimize) done

Events (20 events):
Event: 11.385 Thread 0x000001f019d4e1b0 flushing nmethod 0x000001f00fecc090
Event: 11.385 Thread 0x000001f019d4e1b0 flushing nmethod 0x000001f00fea1290
Event: 11.385 Thread 0x000001f019d4e1b0 flushing nmethod 0x000001f00fecb490
Event: 11.386 Thread 0x000001f019d4e1b0 flushing nmethod 0x000001f00fe9fe10
Event: 11.386 Thread 0x000001f019d4e1b0 flushing nmethod 0x000001f00feb4390
Event: 11.386 Thread 0x000001f019d4e1b0 flushing nmethod 0x000001f00feb3990
Event: 11.386 Thread 0x000001f019d4e1b0 flushing nmethod 0x000001f00feb2f90
Event: 11.386 Thread 0x000001f019d4e1b0 flushing nmethod 0x000001f00feb1e90
Event: 11.386 Thread 0x000001f019d4e1b0 flushing nmethod 0x000001f00feb0790
Event: 11.386 Thread 0x000001f019d4e1b0 flushing nmethod 0x000001f00fea6110
Event: 11.386 Thread 0x000001f019d4e1b0 flushing nmethod 0x000001f00feaa790
Event: 11.386 Thread 0x000001f019d4e1b0 flushing nmethod 0x000001f00fea4d10
Event: 11.386 Thread 0x000001f019d4e1b0 flushing nmethod 0x000001f00fea3590
Event: 11.386 Thread 0x000001f019d4e1b0 flushing nmethod 0x000001f00fea2c10
Event: 11.386 Thread 0x000001f019d4e1b0 flushing nmethod 0x000001f00fe8be10
Event: 11.386 Thread 0x000001f019d4e1b0 flushing nmethod 0x000001f00fe90b10
Event: 11.386 Thread 0x000001f019d4e1b0 flushing nmethod 0x000001f00fe90610
Event: 11.386 Thread 0x000001f019d4e1b0 flushing nmethod 0x000001f00fe90210
Event: 11.386 Thread 0x000001f019d4e1b0 flushing nmethod 0x000001f00fe8f910
Event: 11.386 Thread 0x000001f019d4e1b0 flushing nmethod 0x000001f00fe88f10


Dynamic libraries:
0x00007ff6151e0000 - 0x00007ff6151f0000 	C:\Program Files\Java\jdk-21.0.3\bin\java.exe
0x00007ff8d2970000 - 0x00007ff8d2b68000 	C:\WINDOWS\SYSTEM32\ntdll.dll
0x00007ff8d2720000 - 0x00007ff8d27dd000 	C:\WINDOWS\System32\KERNEL32.DLL
0x00007ff8d0250000 - 0x00007ff8d0546000 	C:\WINDOWS\System32\KERNELBASE.dll
0x00007ff8d0150000 - 0x00007ff8d0250000 	C:\WINDOWS\System32\ucrtbase.dll
0x00007ff8b44e0000 - 0x00007ff8b44fb000 	C:\Program Files\Java\jdk-21.0.3\bin\VCRUNTIME140.dll
0x00007ff8aff00000 - 0x00007ff8aff19000 	C:\Program Files\Java\jdk-21.0.3\bin\jli.dll
0x00007ff8d23e0000 - 0x00007ff8d2490000 	C:\WINDOWS\System32\ADVAPI32.dll
0x00007ff8d2880000 - 0x00007ff8d291e000 	C:\WINDOWS\System32\msvcrt.dll
0x00007ff8d27e0000 - 0x00007ff8d2880000 	C:\WINDOWS\System32\sechost.dll
0x00007ff8d09a0000 - 0x00007ff8d0ac3000 	C:\WINDOWS\System32\RPCRT4.dll
0x00007ff8d08d0000 - 0x00007ff8d08f7000 	C:\WINDOWS\System32\bcrypt.dll
0x00007ff8d1890000 - 0x00007ff8d1a2f000 	C:\WINDOWS\System32\USER32.dll
0x00007ff8d0020000 - 0x00007ff8d0042000 	C:\WINDOWS\System32\win32u.dll
0x00007ff8d0ad0000 - 0x00007ff8d0afb000 	C:\WINDOWS\System32\GDI32.dll
0x00007ff8d0550000 - 0x00007ff8d0667000 	C:\WINDOWS\System32\gdi32full.dll
0x00007ff8d0900000 - 0x00007ff8d099d000 	C:\WINDOWS\System32\msvcp_win.dll
0x00007ff8be670000 - 0x00007ff8be90a000 	C:\WINDOWS\WinSxS\amd64_microsoft.windows.common-controls_6595b64144ccf1df_6.0.19041.4355_none_60b8b9eb71f62e16\COMCTL32.dll
0x00007ff8c9330000 - 0x00007ff8c933a000 	C:\WINDOWS\SYSTEM32\VERSION.dll
0x00007ff8d1ab0000 - 0x00007ff8d1ae2000 	C:\WINDOWS\System32\IMM32.DLL
0x00007ff8c2580000 - 0x00007ff8c258c000 	C:\Program Files\Java\jdk-21.0.3\bin\vcruntime140_1.dll
0x00007ff8a2500000 - 0x00007ff8a258e000 	C:\Program Files\Java\jdk-21.0.3\bin\msvcp140.dll
0x00007ff870990000 - 0x00007ff87169d000 	C:\Program Files\Java\jdk-21.0.3\bin\server\jvm.dll
0x00007ff8d2580000 - 0x00007ff8d25eb000 	C:\WINDOWS\System32\WS2_32.dll
0x00007ff8cfdc0000 - 0x00007ff8cfe0b000 	C:\WINDOWS\SYSTEM32\POWRPROF.dll
0x00007ff8c13c0000 - 0x00007ff8c13e7000 	C:\WINDOWS\SYSTEM32\WINMM.dll
0x00007ff8cfda0000 - 0x00007ff8cfdb2000 	C:\WINDOWS\SYSTEM32\UMPDC.dll
0x00007ff8cdea0000 - 0x00007ff8cdeb2000 	C:\WINDOWS\SYSTEM32\kernel.appcore.dll
0x00007ff8c1120000 - 0x00007ff8c112a000 	C:\Program Files\Java\jdk-21.0.3\bin\jimage.dll
0x00007ff8c7d10000 - 0x00007ff8c7ef4000 	C:\WINDOWS\SYSTEM32\DBGHELP.DLL
0x00007ff8c0970000 - 0x00007ff8c09a4000 	C:\WINDOWS\SYSTEM32\dbgcore.DLL
0x00007ff8d00c0000 - 0x00007ff8d0142000 	C:\WINDOWS\System32\bcryptPrimitives.dll
0x00007ff8c25b0000 - 0x00007ff8c25bf000 	C:\Program Files\Java\jdk-21.0.3\bin\instrument.dll
0x00007ff8aed00000 - 0x00007ff8aed1f000 	C:\Program Files\Java\jdk-21.0.3\bin\java.dll
0x00007ff8d1af0000 - 0x00007ff8d225b000 	C:\WINDOWS\System32\SHELL32.dll
0x00007ff8ce0a0000 - 0x00007ff8ce83d000 	C:\WINDOWS\SYSTEM32\windows.storage.dll
0x00007ff8d14c0000 - 0x00007ff8d1813000 	C:\WINDOWS\System32\combase.dll
0x00007ff8cf9d0000 - 0x00007ff8cf9fe000 	C:\WINDOWS\SYSTEM32\Wldp.dll
0x00007ff8d2490000 - 0x00007ff8d255d000 	C:\WINDOWS\System32\OLEAUT32.dll
0x00007ff8d13b0000 - 0x00007ff8d145d000 	C:\WINDOWS\System32\SHCORE.dll
0x00007ff8d1050000 - 0x00007ff8d10a5000 	C:\WINDOWS\System32\shlwapi.dll
0x00007ff8cff50000 - 0x00007ff8cff74000 	C:\WINDOWS\SYSTEM32\profapi.dll
0x00007ff885730000 - 0x00007ff885807000 	C:\Program Files\Java\jdk-21.0.3\bin\jsvml.dll
0x00007ff8a24e0000 - 0x00007ff8a24f8000 	C:\Program Files\Java\jdk-21.0.3\bin\zip.dll
0x00007ff8ba240000 - 0x00007ff8ba250000 	C:\Program Files\Java\jdk-21.0.3\bin\net.dll
0x00007ff8c3540000 - 0x00007ff8c364a000 	C:\WINDOWS\SYSTEM32\WINHTTP.dll
0x00007ff8cf6d0000 - 0x00007ff8cf73a000 	C:\WINDOWS\system32\mswsock.dll
0x00007ff8ab1c0000 - 0x00007ff8ab1d6000 	C:\Program Files\Java\jdk-21.0.3\bin\nio.dll
0x00007ff8b4370000 - 0x00007ff8b4380000 	C:\Program Files\Java\jdk-21.0.3\bin\verify.dll
0x00007ff8c2bb0000 - 0x00007ff8c2bd7000 	C:\Users\Carito\.gradle\native\c067742578af261105cb4f569cf0c3c89f3d7b1fecec35dd04571415982c5e48\windows-amd64\native-platform.dll
0x00007ff8a2360000 - 0x00007ff8a24a4000 	C:\Users\Carito\.gradle\native\38dada09dfb8b06ba9b0570ebf7e218e3eb74d4ef43ca46872605cf95ebc2f47\windows-amd64\native-platform-file-events.dll
0x00007ff8b43f0000 - 0x00007ff8b43fa000 	C:\Program Files\Java\jdk-21.0.3\bin\management.dll
0x00007ff8b43e0000 - 0x00007ff8b43eb000 	C:\Program Files\Java\jdk-21.0.3\bin\management_ext.dll
0x00007ff8d10b0000 - 0x00007ff8d10b8000 	C:\WINDOWS\System32\PSAPI.DLL
0x00007ff8cf8c0000 - 0x00007ff8cf8d8000 	C:\WINDOWS\SYSTEM32\CRYPTSP.dll
0x00007ff8ceff0000 - 0x00007ff8cf024000 	C:\WINDOWS\system32\rsaenh.dll
0x00007ff8cff00000 - 0x00007ff8cff2e000 	C:\WINDOWS\SYSTEM32\USERENV.dll
0x00007ff8cf8e0000 - 0x00007ff8cf8ec000 	C:\WINDOWS\SYSTEM32\CRYPTBASE.dll
0x00007ff8cf3b0000 - 0x00007ff8cf3eb000 	C:\WINDOWS\SYSTEM32\IPHLPAPI.DLL
0x00007ff8d2920000 - 0x00007ff8d2928000 	C:\WINDOWS\System32\NSI.dll
0x00007ff8c2750000 - 0x00007ff8c2759000 	C:\Program Files\Java\jdk-21.0.3\bin\extnet.dll
0x00007ff8c25a0000 - 0x00007ff8c25ae000 	C:\Program Files\Java\jdk-21.0.3\bin\sunmscapi.dll
0x00007ff8d0670000 - 0x00007ff8d07ce000 	C:\WINDOWS\System32\CRYPT32.dll
0x00007ff8cfa40000 - 0x00007ff8cfa69000 	C:\WINDOWS\SYSTEM32\ncrypt.dll
0x00007ff8cfa00000 - 0x00007ff8cfa3b000 	C:\WINDOWS\SYSTEM32\NTASN1.dll
0x00007ff893ae0000 - 0x00007ff893ae7000 	C:\WINDOWS\system32\wshunix.dll

dbghelp: loaded successfully - version: 4.0.5 - missing functions: none
symbol engine: initialized successfully - sym options: 0x614 - pdb path: .;C:\Program Files\Java\jdk-21.0.3\bin;C:\WINDOWS\SYSTEM32;C:\WINDOWS\WinSxS\amd64_microsoft.windows.common-controls_6595b64144ccf1df_6.0.19041.4355_none_60b8b9eb71f62e16;C:\Program Files\Java\jdk-21.0.3\bin\server;C:\Users\Carito\.gradle\native\c067742578af261105cb4f569cf0c3c89f3d7b1fecec35dd04571415982c5e48\windows-amd64;C:\Users\Carito\.gradle\native\38dada09dfb8b06ba9b0570ebf7e218e3eb74d4ef43ca46872605cf95ebc2f47\windows-amd64

VM Arguments:
jvm_args: --add-opens=java.base/java.util=ALL-UNNAMED --add-opens=java.base/java.lang=ALL-UNNAMED --add-opens=java.base/java.lang.invoke=ALL-UNNAMED --add-opens=java.prefs/java.util.prefs=ALL-UNNAMED --add-opens=java.base/java.nio.charset=ALL-UNNAMED --add-opens=java.base/java.net=ALL-UNNAMED --add-opens=java.base/java.util.concurrent.atomic=ALL-UNNAMED -XX:MaxMetaspaceSize=384m -XX:+HeapDumpOnOutOfMemoryError -Xms256m -Xmx512m -Dfile.encoding=UTF-8 -Duser.country=US -Duser.language=en -Duser.variant -javaagent:C:\Users\Carito\.gradle\wrapper\dists\gradle-8.7-bin\bhs2wmbdwecv87pi65oeuq5iu\gradle-8.7\lib\agents\gradle-instrumentation-agent-8.7.jar 
java_command: org.gradle.launcher.daemon.bootstrap.GradleDaemon 8.7
java_class_path (initial): C:\Users\Carito\.gradle\wrapper\dists\gradle-8.7-bin\bhs2wmbdwecv87pi65oeuq5iu\gradle-8.7\lib\gradle-launcher-8.7.jar
Launcher Type: SUN_STANDARD

[Global flags]
     intx CICompilerCount                          = 3                                         {product} {ergonomic}
   size_t CompressedClassSpaceSize                 = 335544320                                 {product} {ergonomic}
     uint ConcGCThreads                            = 1                                         {product} {ergonomic}
     uint G1ConcRefinementThreads                  = 4                                         {product} {ergonomic}
   size_t G1HeapRegionSize                         = 1048576                                   {product} {ergonomic}
    uintx GCDrainStackTargetSize                   = 64                                        {product} {ergonomic}
     bool HeapDumpOnOutOfMemoryError               = true                                   {manageable} {command line}
   size_t InitialHeapSize                          = 268435456                                 {product} {command line}
   size_t MarkStackSize                            = 4194304                                   {product} {ergonomic}
   size_t MaxHeapSize                              = 536870912                                 {product} {command line}
   size_t MaxMetaspaceSize                         = 402653184                                 {product} {command line}
   size_t MaxNewSize                               = 321912832                                 {product} {ergonomic}
   size_t MinHeapDeltaBytes                        = 1048576                                   {product} {ergonomic}
   size_t MinHeapSize                              = 268435456                                 {product} {command line}
    uintx NonNMethodCodeHeapSize                   = 5832780                                {pd product} {ergonomic}
    uintx NonProfiledCodeHeapSize                  = 122912730                              {pd product} {ergonomic}
    uintx ProfiledCodeHeapSize                     = 122912730                              {pd product} {ergonomic}
    uintx ReservedCodeCacheSize                    = 251658240                              {pd product} {ergonomic}
     bool SegmentedCodeCache                       = true                                      {product} {ergonomic}
   size_t SoftMaxHeapSize                          = 536870912                              {manageable} {ergonomic}
     bool UseCompressedOops                        = true                           {product lp64_product} {ergonomic}
     bool UseG1GC                                  = true                                      {product} {ergonomic}
     bool UseLargePagesIndividualAllocation        = false                                  {pd product} {ergonomic}

Logging:
Log output configuration:
 #0: stdout all=warning uptime,level,tags foldmultilines=false
 #1: stderr all=off uptime,level,tags foldmultilines=false

Environment Variables:
JAVA_HOME=C:\Program Files\Java\jdk-21.0.3
CLASSPATH=C:\Users\Carito\Documents\Gabriel\Proyectos\nttdata\\gradle\wrapper\gradle-wrapper.jar
PATH=C:\Program Files\Java\jdk-21.0.3\bin;c:\Program Files (x86)\Intel\iCLS Client\;c:\Program Files\Intel\iCLS Client\;C:\WINDOWS\system32;C:\WINDOWS;C:\WINDOWS\System32\Wbem;C:\WINDOWS\System32\WindowsPowerShell\v1.0\;C:\Program Files\nodejs\;C:\WINDOWS\System32\OpenSSH\;C:\Program Files (x86)\Intel\Intel(R) Management Engine Components\DAL;C:\Program Files\Intel\Intel(R) Management Engine Components\DAL;C:\Program Files (x86)\Intel\Intel(R) Management Engine Components\IPT;C:\Program Files\Intel\Intel(R) Management Engine Components\IPT;C:\Program Files\Crucial\Crucial Storage Executive;C:\Program Files\dotnet\;C:\Program Files\Git\cmd;C:\Program Files\MySQL\MySQL Shell 8.0\bin\;C:\Users\Carito\AppData\Local\Microsoft\WindowsApps;C:\Users\Carito\AppData\Roaming\npm;;C:\Users\Carito\AppData\Local\Programs\Microsoft VS Code\bin;C:\Program Files\JetBrains\IntelliJ IDEA 2024.1.1\bin;
USERNAME=Carito
OS=Windows_NT
PROCESSOR_IDENTIFIER=Intel64 Family 6 Model 69 Stepping 1, GenuineIntel
TMP=C:\Users\Carito\AppData\Local\Temp
TEMP=C:\Users\Carito\AppData\Local\Temp




Periodic native trim disabled

---------------  S Y S T E M  ---------------

OS:
 Windows 10 , 64 bit Build 19041 (10.0.19041.3636)
OS uptime: 1 days 0:03 hours

CPU: total 4 (initial active 4) (2 cores per cpu, 2 threads per core) family 6 model 69 stepping 1 microcode 0x25, cx8, cmov, fxsr, ht, mmx, sse, sse2, sse3, ssse3, sse4.1, sse4.2, popcnt, lzcnt, tsc, tscinvbit, avx, avx2, aes, erms, clmul, bmi1, bmi2, fma, vzeroupper, clflush, rdtscp, f16c
Processor Information for all 4 processors :
  Max Mhz: 1900, Current Mhz: 1900, Mhz Limit: 1900

Memory: 4k page, system-wide physical 4000M (332M free)
TotalPageFile size 10144M (AvailPageFile size 5M)
current process WorkingSet (physical memory assigned to process): 292M, peak: 292M
current process commit charge ("private bytes"): 444M, peak: 445M

vm_info: Java HotSpot(TM) 64-Bit Server VM (21.0.3+7-LTS-152) for windows-amd64 JRE (21.0.3+7-LTS-152), built on 2024-03-11T17:42:26Z by "mach5one" with MS VC++ 17.6 (VS2022)

END.
