#
# There is insufficient memory for the Java Runtime Environment to continue.
# Native memory allocation (mmap) failed to map 67108864 bytes for G1 virtual space
# Possible reasons:
#   The system is out of physical RAM or swap space
#   The process is running with CompressedOops enabled, and the Java Heap may be blocking the growth of the native heap
# Possible solutions:
#   Reduce memory load on the system
#   Increase physical memory or swap space
#   Check if swap backing store is full
#   Decrease Java heap size (-Xmx/-Xms)
#   Decrease number of Java threads
#   Decrease Java thread stack sizes (-Xss)
#   Set larger code cache with -XX:ReservedCodeCacheSize=
#   JVM is running with Unscaled Compressed Oops mode in which the Java heap is
#     placed in the first 4GB address space. The Java Heap base address is the
#     maximum limit for the native heap growth. Please use -XX:HeapBaseMinAddress
#     to set the Java Heap base and to place the Java Heap above 4GB virtual address.
# This output file may be truncated or incomplete.
#
#  Out of Memory Error (os_windows.cpp:3600), pid=5956, tid=3372
#
# JRE version:  (21.0.3+7) (build )
# Java VM: Java HotSpot(TM) 64-Bit Server VM (21.0.3+7-LTS-152, mixed mode, sharing, tiered, compressed oops, compressed class ptrs, g1 gc, windows-amd64)
# No core dump will be written. Minidumps are not enabled by default on client versions of Windows
#

---------------  S U M M A R Y ------------

Command Line: -Dorg.gradle.internal.worker.tmpdir=C:\Users\Carito\Documents\Gabriel\Proyectos\nttdata\build\tmp\test\work -Dorg.gradle.native=false -Xmx512m -Dfile.encoding=UTF-8 -Duser.country=US -Duser.language=en -Duser.variant -ea worker.org.gradle.process.internal.worker.GradleWorkerMain 'Gradle Test Executor 1'

Host: Intel(R) Core(TM) i3-4030U CPU @ 1.90GHz, 4 cores, 3G,  Windows 10 , 64 bit Build 19041 (10.0.19041.3636)
Time: Fri May 17 19:52:54 2024 Pacific SA Standard Time elapsed time: 0.033611 seconds (0d 0h 0m 0s)

---------------  T H R E A D  ---------------

Current thread (0x00000205da0a3e60):  JavaThread "Unknown thread" [_thread_in_vm, id=3372, stack(0x00000083cb700000,0x00000083cb800000) (1024K)]

Stack: [0x00000083cb700000,0x00000083cb800000]
Native frames: (J=compiled Java code, j=interpreted, Vv=VM code, C=native code)
V  [jvm.dll+0x6c63b9]
V  [jvm.dll+0x84fa11]
V  [jvm.dll+0x851f3e]
V  [jvm.dll+0x852613]
V  [jvm.dll+0x27cd46]
V  [jvm.dll+0x6c2b55]
V  [jvm.dll+0x6b76da]
V  [jvm.dll+0x35051a]
V  [jvm.dll+0x358176]
V  [jvm.dll+0x3aa84e]
V  [jvm.dll+0x3aaaf8]
V  [jvm.dll+0x32491c]
V  [jvm.dll+0x32547b]
V  [jvm.dll+0x818f69]
V  [jvm.dll+0x3b7771]
V  [jvm.dll+0x802358]
V  [jvm.dll+0x44c7ce]
V  [jvm.dll+0x44e2a1]
C  [jli.dll+0x52a3]
C  [ucrtbase.dll+0x21bb2]
C  [KERNEL32.DLL+0x17344]
C  [ntdll.dll+0x526b1]


---------------  P R O C E S S  ---------------

Threads class SMR info:
_java_thread_list=0x00007ff885181b88, length=0, elements={
}

Java Threads: ( => current thread )
Total: 0

Other Threads:
  0x00000205da0cdda0 WorkerThread "GC Thread#0"                     [id=12832, stack(0x00000083cb800000,0x00000083cb900000) (1024K)]
  0x00000205da0d2f30 ConcurrentGCThread "G1 Main Marker"            [id=12320, stack(0x00000083cb900000,0x00000083cba00000) (1024K)]
  0x00000205da0d41d0 WorkerThread "G1 Conc#0"                       [id=6108, stack(0x00000083cba00000,0x00000083cbb00000) (1024K)]

[error occurred during error reporting (printing all threads), id 0xc0000005, EXCEPTION_ACCESS_VIOLATION (0xc0000005) at pc=0x00007ff8848f7077]
VM state: not at safepoint (not fully initialized)

VM Mutex/Monitor currently owned by a thread:  ([mutex/lock_event])
[0x00007ff8851f2ea8] Heap_lock - owner thread: 0x00000205da0a3e60

Heap address: 0x00000000e0000000, size: 512 MB, Compressed Oops mode: 32-bit

CDS archive(s) mapped at: [0x0000000000000000-0x0000000000000000-0x0000000000000000), size 0, SharedBaseAddress: 0x0000000800000000, ArchiveRelocationMode: 1.
Narrow klass base: 0x0000000000000000, Narrow klass shift: 0, Narrow klass range: 0x0

GC Precious Log:
 CardTable entry size: 512
 Card Set container configuration: InlinePtr #cards 5 size 8 Array Of Cards #cards 12 size 40 Howl #buckets 4 coarsen threshold 1843 Howl Bitmap #cards 512 size 80 coarsen threshold 460 Card regions per heap region 1 cards per card region 2048

Heap:
 garbage-first heap   total 0K, used 0K [0x00000000e0000000, 0x0000000100000000)
  region size 1024K, 0 young (0K), 0 survivors (0K)

[error occurred during error reporting (printing heap information), id 0xc0000005, EXCEPTION_ACCESS_VIOLATION (0xc0000005) at pc=0x00007ff884cde669]
GC Heap History (0 events):
No events

Dll operation events (1 events):
Event: 0.020 Loaded shared library C:\Program Files\Java\jdk-21.0.3\bin\java.dll

Deoptimization events (0 events):
No events

Classes loaded (0 events):
No events

Classes unloaded (0 events):
No events

Classes redefined (0 events):
No events

Internal exceptions (0 events):
No events

ZGC Phase Switch (0 events):
No events

VM Operations (0 events):
No events

Events (0 events):
No events


Dynamic libraries:
0x00007ff7ba6b0000 - 0x00007ff7ba6c0000 	C:\Program Files\Java\jdk-21.0.3\bin\java.exe
0x00007ff8d2970000 - 0x00007ff8d2b68000 	C:\WINDOWS\SYSTEM32\ntdll.dll
0x00007ff8d2720000 - 0x00007ff8d27dd000 	C:\WINDOWS\System32\KERNEL32.DLL
0x00007ff8d0250000 - 0x00007ff8d0546000 	C:\WINDOWS\System32\KERNELBASE.dll
0x00007ff8d0150000 - 0x00007ff8d0250000 	C:\WINDOWS\System32\ucrtbase.dll
0x00007ff8c5bb0000 - 0x00007ff8c5bc9000 	C:\Program Files\Java\jdk-21.0.3\bin\jli.dll
0x00007ff8c25a0000 - 0x00007ff8c25bb000 	C:\Program Files\Java\jdk-21.0.3\bin\VCRUNTIME140.dll
0x00007ff8d23e0000 - 0x00007ff8d2490000 	C:\WINDOWS\System32\ADVAPI32.dll
0x00007ff8d2880000 - 0x00007ff8d291e000 	C:\WINDOWS\System32\msvcrt.dll
0x00007ff8d27e0000 - 0x00007ff8d2880000 	C:\WINDOWS\System32\sechost.dll
0x00007ff8d09a0000 - 0x00007ff8d0ac3000 	C:\WINDOWS\System32\RPCRT4.dll
0x00007ff8d08d0000 - 0x00007ff8d08f7000 	C:\WINDOWS\System32\bcrypt.dll
0x00007ff8d1890000 - 0x00007ff8d1a2f000 	C:\WINDOWS\System32\USER32.dll
0x00007ff8d0020000 - 0x00007ff8d0042000 	C:\WINDOWS\System32\win32u.dll
0x00007ff8be670000 - 0x00007ff8be90a000 	C:\WINDOWS\WinSxS\amd64_microsoft.windows.common-controls_6595b64144ccf1df_6.0.19041.4355_none_60b8b9eb71f62e16\COMCTL32.dll
0x00007ff8d0ad0000 - 0x00007ff8d0afb000 	C:\WINDOWS\System32\GDI32.dll
0x00007ff8d0550000 - 0x00007ff8d0667000 	C:\WINDOWS\System32\gdi32full.dll
0x00007ff8d0900000 - 0x00007ff8d099d000 	C:\WINDOWS\System32\msvcp_win.dll
0x00007ff8c9330000 - 0x00007ff8c933a000 	C:\WINDOWS\SYSTEM32\VERSION.dll
0x00007ff8d1ab0000 - 0x00007ff8d1ae2000 	C:\WINDOWS\System32\IMM32.DLL
0x00007ff8c5020000 - 0x00007ff8c502c000 	C:\Program Files\Java\jdk-21.0.3\bin\vcruntime140_1.dll
0x00007ff8ba290000 - 0x00007ff8ba31e000 	C:\Program Files\Java\jdk-21.0.3\bin\msvcp140.dll
0x00007ff8845c0000 - 0x00007ff8852cd000 	C:\Program Files\Java\jdk-21.0.3\bin\server\jvm.dll
0x00007ff8d2580000 - 0x00007ff8d25eb000 	C:\WINDOWS\System32\WS2_32.dll
0x00007ff8cfdc0000 - 0x00007ff8cfe0b000 	C:\WINDOWS\SYSTEM32\POWRPROF.dll
0x00007ff8c13c0000 - 0x00007ff8c13e7000 	C:\WINDOWS\SYSTEM32\WINMM.dll
0x00007ff8cfda0000 - 0x00007ff8cfdb2000 	C:\WINDOWS\SYSTEM32\UMPDC.dll
0x00007ff8cdea0000 - 0x00007ff8cdeb2000 	C:\WINDOWS\SYSTEM32\kernel.appcore.dll
0x00007ff8c2580000 - 0x00007ff8c258a000 	C:\Program Files\Java\jdk-21.0.3\bin\jimage.dll
0x00007ff8c7d10000 - 0x00007ff8c7ef4000 	C:\WINDOWS\SYSTEM32\DBGHELP.DLL
0x00007ff8c0970000 - 0x00007ff8c09a4000 	C:\WINDOWS\SYSTEM32\dbgcore.DLL
0x00007ff8d00c0000 - 0x00007ff8d0142000 	C:\WINDOWS\System32\bcryptPrimitives.dll
0x00007ff8ba360000 - 0x00007ff8ba37f000 	C:\Program Files\Java\jdk-21.0.3\bin\java.dll

dbghelp: loaded successfully - version: 4.0.5 - missing functions: none
symbol engine: initialized successfully - sym options: 0x614 - pdb path: .;C:\Program Files\Java\jdk-21.0.3\bin;C:\WINDOWS\SYSTEM32;C:\WINDOWS\WinSxS\amd64_microsoft.windows.common-controls_6595b64144ccf1df_6.0.19041.4355_none_60b8b9eb71f62e16;C:\Program Files\Java\jdk-21.0.3\bin\server

VM Arguments:
jvm_args: -Dorg.gradle.internal.worker.tmpdir=C:\Users\Carito\Documents\Gabriel\Proyectos\nttdata\build\tmp\test\work -Dorg.gradle.native=false -Xmx512m -Dfile.encoding=UTF-8 -Duser.country=US -Duser.language=en -Duser.variant -ea 
java_command: worker.org.gradle.process.internal.worker.GradleWorkerMain 'Gradle Test Executor 1'
java_class_path (initial): C:\\Users\\Carito\\.gradle\\caches\\8.7\\workerMain\\gradle-worker.jar;C:\\Users\\Carito\\Documents\\Gabriel\\Proyectos\\nttdata\\build\\classes\\java\\test;C:\\Users\\Carito\\Documents\\Gabriel\\Proyectos\\nttdata\\build\\classes\\java\\main;C:\\Users\\Carito\\Documents\\Gabriel\\Proyectos\\nttdata\\build\\resources\\main;C:\\Users\\Carito\\.gradle\\caches\\modules-2\\files-2.1\\org.springframework.boot\\spring-boot-starter-data-jpa\\3.2.5\\99c1272c135f1c44b0c94ed0b65dca9b201323b7\\spring-boot-starter-data-jpa-3.2.5.jar;C:\\Users\\Carito\\.gradle\\caches\\modules-2\\files-2.1\\org.springframework.boot\\spring-boot-starter-security\\3.2.5\\8ce0f176dfcf9a0b3b5d76babd971057f009961d\\spring-boot-starter-security-3.2.5.jar;C:\\Users\\Carito\\.gradle\\caches\\modules-2\\files-2.1\\org.springframework.boot\\spring-boot-starter-web\\3.2.5\\664d75553c6af42122d4db645f4924a95084e382\\spring-boot-starter-web-3.2.5.jar;C:\\Users\\Carito\\.gradle\\caches\\modules-2\\files-2.1\\org.hsqldb\\hsqldb\\2.7.2\\d92d4d2aa515714da2165c9d640d584c2896c9df\\hsqldb-2.7.2.jar;C:\\Users\\Carito\\.gradle\\caches\\modules-2\\files-2.1\\org.springframework.boot\\spring-boot-starter-test\\3.2.5\\c2f2d1d01ef908d04bfa367ec48d13ab15f2b16f\\spring-boot-starter-test-3.2.5.jar;C:\\Users\\Carito\\.gradle\\caches\\modules-2\\files-2.1\\org.springframework.security\\spring-security-test\\6.2.4\\81ada37bf96d07d8e287a6a683c6dd3cdaa90671\\spring-security-test-6.2.4.jar;C:\\Users\\Carito\\.gradle\\caches\\modules-2\\files-2.1\\org.junit.jupiter\\junit-jupiter\\5.10.2\\831c0b86ddc2ce38391c5b81ea662b0cfdc02cce\\junit-jupiter-5.10.2.jar;C:\\Users\\Carito\\.gradle\\caches\\modules-2\\files-2.1\\org.junit.jupiter\\junit-jupiter-engine\\5.10.2\\f1f8fe97bd58e85569205f071274d459c2c4f8cd\\junit-jupiter-engine-5.10.2.jar;C:\\Users\\Carito\\.gradle\\caches\\modules-2\\files-2.1\\org.junit.platform\\junit-platform-engine\\1.10.2\\d53bb4e0ce7f211a498705783440614bfaf0df2e\\junit-platform-engine-1.10.2.jar;C:\\Users\\Carito\\.gradle\\caches\\modules-2\\files-2.1\\org.mockito\\mockito-junit-jupiter\\5.7.0\\ac2d6a3431747a7986b8f4abef465f72bf3a21ae\\mockito-junit-jupiter-5.7.0.jar;C:\\Users\\Carito\\.gradle\\caches\\modules-2\\files-2.1\\org.junit.jupiter\\junit-jupiter-params\\5.10.2\\359132c82a9d3fa87a325db6edd33b5fdc67a3d8\\junit-jupiter-params-5.10.2.jar;C:\\Users\\Carito\\.gradle\\caches\\modules-2\\files-2.1\\org.junit.jupiter\\junit-jupiter-api\\5.10.2\\fb55d6e2bce173f35fd28422e7975539621055ef\\junit-jupiter-api-5.10.2.jar;C:\\Users\\Carito\\.gradle\\caches\\modules-2\\files-2.1\\org.junit.platform\\junit-platform-commons\\1.10.2\\3197154a1f0c88da46c47a9ca27611ac7ec5d797\\junit-platform-commons-1.10.2.jar;C:\\Users\\Carito\\.gradle\\caches\\modules-2\\files-2.1\\org.junit.platform\\junit-platform-launcher\\1.10.2\\8125dd29e847ca274dd1a7a9ca54859acc284cb3\\junit-platform-launcher-1.10.2.jar;C:\\Users\\Carito\\.gradle\\caches\\modules-2\\files-2.1\\org.springframework.boot\\spring-boot-starter-aop\\3.2.5\\1c6c5d81e6c7f8b3e255c9e384153e9f52a93d1b\\spring-boot-starter-aop-3.2.5.jar;C:\\Users\\Carito\\.gradle\\caches\\modules-2\\files-2.1\\org.springframework.boot\\spring-boot-starter-jdbc\\3.2.5\\2fc156645b02bef43dcd4e697ae6f4ba9388a978\\spring-boot-starter-jdbc-3.2.5.jar;C:\\Users\\Carito\\.gradle\\caches\\modules-2\\files-2.1\\org.hibernate.orm\\hibernate-core\\6.4.4.Final\\5c9decb3c5a70bf7801d41fc32633416c26be069\\hibernate-core-6.4.4.Final.jar;C:\\Users\\Carito\\.gradle\\caches\\modules-2\\files-2.1\\org.springframework.data\\spring-data-jpa\\3.2.5\\f5c674caedc0132c7865b9a2edaa04b8f5351262\\spring-data-jpa-3.2.5.jar;C:\\Users\\Carito\\.gradle\\caches\\modules-2\\files-2.1\\org.springframework\\spring-aspects\\6.1.6\\409aba797564c23c08e2307f2df728aed117e914\\spring-aspects-6.1.6.jar;C:\\Users\\Carito\\.gradle\\caches\\modules-2\\files-2.1\\org.springframework.boot\\spring-boot-starter-json\\3.2.5\\6df311af4c242eb95c3526f48ab4f31c384a247e\\spring-boot-starter-json-3.2.5.jar;C:\\Users\\Carito\\.gradle\\caches\\modules-2\\files-2.1\\org.springframework.boot\\spring-boot-starter\\3.2.5\\a9837a876129cc6fe5f3abf1de5ec0a16faaf003\\spring-boot-starter-3.2.5.jar;C:\\Users\\Carito\\.gradle\\caches\\modules-2\\files-2.1\\org.springframework.security\\spring-security-config\\6.2.4\\ef1f16ce7900f602826b985f15b67bbe60015a08\\spring-security-config-6.2.4.jar;C:\\Users\\Carito\\.gradle\\caches\\modules-2\\files-2.1\\org.springframework.security\\spring-security-web\\6.2.4\\b4a436865cf6483e088c986432f44d9e90bab6a3\\spring-security-web-6.2.4.jar;C:\\Users\\Carito\\.gradle\\caches\\modules-2\\files-2.1\\org.springframework\\spring-webmvc\\6.1.6\\ef1f76db6d94bac428839cb91fa59235c8356e56\\spring-webmvc-6.1.6.jar;C:\\Users\\Carito\\.gradle\\caches\\modules-2\\files-2.1\\org.springframework.security\\spring-security-core\\6.2.4\\b1bb9c66df67cd6ecc5548dec8b37341cef11a80\\spring-security-core-6.2.4.jar;C:\\Users\\Carito\\.gradle\\caches\\modules-2\\files-2.1\\org.springframework.boot\\spring-boot-test-autoconfigure\\3.2.5\\678ff2604c4650db84dc7a63eb058fb322a58807\\spring-boot-test-autoconfigure-3.2.5.jar;C:\\Users\\Carito\\.gradle\\caches\\modules-2\\files-2.1\\org.springframework.boot\\spring-boot-test\\3.2.5\\df5c1f52e00aaa749932f9e213190b8635d59a86\\spring-boot-test-3.2.5.jar;C:\\Users\\Carito\\.gradle\\caches\\modules-2\\files-2.1\\org.springframework.boot\\spring-boot-autoconfigure\\3.2.5\\6385a2c00a03edb896b2833e4bdee2ae53cd69b8\\spring-boot-autoconfigure-3.2.5.jar;C:\\Users\\Carito\\.gradle\\caches\\modules-2\\files-2.1\\org.springframework.boot\\spring-boot\\3.2.5\\eec72431f6f56a50c9919129665ba3359ca02104\\spring-boot-3.2.5.jar;C:\\Users\\Carito\\.gradle\\caches\\modules-2\\files-2.1\\org.springframework\\spring-context\\6.1.6\\2be30298638975efaf7fff22f1570d79b2679814\\spring-context-6.1.6.jar;C:\\Users\\Carito\\.gradle\\caches\\modules-2\\files-2.1\\org.springframework\\spring-aop\\6.1.6\\4958f52cb9fcb3adf7e836304550de5431a9347e\\spring-aop-6.1.6.jar;C:\\Users\\Carito\\.gradle\\caches\\modules-2\\files-2.1\\org.springframework.boot\\spring-boot-starter-tomcat\\3.2.5\\a40ebfa6becb35b419b37e49e33b2822e22cf42a\\spring-boot-starter-tomcat-3.2.5.jar;C:\\Users\\Carito\\.gradle\\caches\\modules-2\\files-2.1\\org.springframework\\spring-web\\6.1.6\\49a32e3497fe39550da3b280bda5d9933ae2d51d\\spring-web-6.1.6.jar;C:\\Users\\Carito\\.gradle\\caches\\modules-2\\files-2.1\\com.jayway.jsonpath\\json-path\\2.9.0\\37fe2217f577b0b68b18e62c4d17a8858ecf9b69\\json-path-2.9.0.jar;C:\\Users\\Carito\\.gradle\\caches\\modules-2\\files-2.1\\org.glassfish.jaxb\\jaxb-runtime\\4.0.5\\ca84c2a7169b5293e232b9d00d1e4e36d4c3914a\\jaxb-runtime-4.0.5.jar;C:\\Users\\Carito\\.gradle\\caches\\modules-2\\files-2.1\\org.glassfish.jaxb\\jaxb-core\\4.0.5\\7b4b11ea5542eea4ad55e1080b23be436795b3\\jaxb-core-4.0.5.jar;C:\\Users\\Carito\\.gradle\\caches\\modules-2\\files-2.1\\jakarta.xml.bind\\jakarta.xml.bind-api\\4.0.2\\6cd5a999b834b63238005b7144136379dc36cad2\\jakarta.xml.bind-api-4.0.2.jar;C:\\Users\\Carito\\.gradle\\caches\\modules-2\\files-2.1\\net.minidev\\json-smart\\2.5.1\\4c11d2808d009132dfbbf947ebf37de6bf266c8e\\json-smart-2.5.1.jar;C:\\Users\\Carito\\.gradle\\caches\\modules-2\\files-2.1\\org.assertj\\assertj-core\\3.24.2\\ebbf338e33f893139459ce5df023115971c2786f\\assertj-core-3.24.2.jar;C:\\Users\\Carito\\.gradle\\caches\\modules-2\\files-2.1\\org.awaitility\\awaitility\\4.2.1\\e56b600e0b184182ba5b2baccd2bab593a98a624\\awaitility-4.2.1.jar;C:\\Users\\Carito\\.gradle\\caches\\modules-2\\files-2.1\\org.hamcrest\\hamcrest\\2.2\\1820c0968dba3a11a1b30669bb1f01978a91dedc\\hamcrest-2.2.jar;C:\\Users\\Carito\\.gradle\\caches\\modules-2\\files-2.1\\org.mockito\\mockito-core\\5.7.0\\a1c258331ab91d66863c983aff7136357e9de056\\mockito-core-5.7.0.jar;C:\\Users\\Carito\\.gradle\\caches\\modules-2\\files-2.1\\org.skyscreamer\\jsonassert\\1.5.1\\6d842d0faf4cf6725c509a5e5347d319ee0431c3\\jsonassert-1.5.1.jar;C:\\Users\\Carito\\.gradle\\caches\\modules-2\\files-2.1\\org.springframework\\spring-test\\6.1.6\\7c2662da187db28f7721ff05c9718f1e3181c847\\spring-test-6.1.6.jar;C:\\Users\\Carito\\.gradle\\caches\\modules-2\\files-2.1\\org.springframework\\spring-orm\\6.1.6\\c8687b15d3ae95769cef73626e62ffc7fff7e0bf\\spring-orm-6.1.6.jar;C:\\Users\\Carito\\.gradle\\caches\\modules-2\\files-2.1\\org.springframework\\spring-jdbc\\6.1.6\\3f8a440a49c15264ff438598b715bd00c5a88109\\spring-jdbc-6.1.6.jar;C:\\Users\\Carito\\.gradle\\caches\\modules-2\\files-2.1\\org.springframework.data\\spring-data-commons\\3.2.5\\d4bb5a08fad512b345ae4077bdf0f50c95eed07\\spring-data-commons-3.2.5.jar;C:\\Users\\Carito\\.gradle\\caches\\modules-2\\files-2.1\\org.springframework\\spring-tx\\6.1.6\\4e18554fb6669f266108cc838a4619bbc8f7db8d\\spring-tx-6.1.6.jar;C:\\Users\\Carito\\.gradle\\caches\\modules-2\\files-2.1\\org.springframework\\spring-beans\\6.1.6\\332d80ff134420db4ebf7614758e6a02a9bd3c41\\spring-beans-6.1.6.jar;C:\\Users\\Carito\\.gradle\\caches\\modules-2\\files-2.1\\org.springframework\\spring-expression\\6.1.6\\9c3d7f0e17a919a4ea9f087e4e2140ad39776bc8\\spring-expression-6.1.6.jar;C:\\Users\\Carito\\.gradle\\caches\\modules-2\\files-2.1\\org.springframework\\spring-core\\6.1.6\\dea4b8e110b7b54a02a4907e32dbb0adee8a7168\\spring-core-6.1.6.jar;C:\\Users\\Carito\\.gradle\\caches\\modules-2\\files-2.1\\org.xmlunit\\xmlunit-core\\2.9.1\\e5833662d9a1279a37da3ef6f62a1da29fcd68c4\\xmlunit-core-2.9.1.jar;C:\\Users\\Carito\\.gradle\\caches\\modules-2\\files-2.1\\org.aspectj\\aspectjweaver\\1.9.22\\10736ab74a53af5e2e1b07e76335a5391526b6f8\\aspectjweaver-1.9.22.jar;C:\\Users\\Carito\\.gradle\\caches\\modules-2\\files-2.1\\com.zaxxer\\HikariCP\\5.0.1\\a74c7f0a37046846e88d54f7cb6ea6d565c65f9c\\HikariCP-5.0.1.jar;C:\\Users\\Carito\\.gradle\\caches\\modules-2\\files-2.1\\jakarta.persistence\\jakarta.persistence-api\\3.1.0\\66901fa1c373c6aff65c13791cc11da72060a8d6\\jakarta.persistence-api-3.1.0.jar;C:\\Users\\Carito\\.gradle\\caches\\modules-2\\files-2.1\\jakarta.transaction\\jakarta.transaction-api\\2.0.1\\51a520e3fae406abb84e2e1148e6746ce3f80a1a\\jakarta.transaction-api-2.0.1.jar;C:\\Users\\Carito\\.gradle\\caches\\modules-2\\files-2.1\\org.jboss.logging\\jboss-logging\\3.5.3.Final\\c88fc1d8a96d4c3491f55d4317458ccad53ca663\\jboss-logging-3.5.3.Final.jar;C:\\Users\\Carito\\.gradle\\caches\\modules-2\\files-2.1\\org.hibernate.common\\hibernate-commons-annotations\\6.0.6.Final\\77a5f94b56d49508e0ee334751db5b78e5ccd50c\\hibernate-commons-annotations-6.0.6.Final.jar;C:\\Users\\Carito\\.gradle\\caches\\modules-2\\files-2.1\\io.smallrye\\jandex\\3.1.2\\a6c1c89925c7df06242b03dddb353116ceb9584c\\jandex-3.1.2.jar;C:\\Users\\Carito\\.gradle\\caches\\modules-2\\files-2.1\\com.fasterxml\\classmate\\1.6.0\\91affab6f84a2182fce5dd72a8d01bc14346dddd\\classmate-1.6.0.jar;C:\\Users\\Carito\\.gradle\\caches\\modules-2\\files-2.1\\net.bytebuddy\\byte-buddy\\1.14.13\\45cf516d9a23485200950549ff72b204c307fc9d\\byte-buddy-1.14.13.jar;C:\\Users\\Carito\\.gradle\\caches\\modules-2\\files-2.1\\jakarta.inject\\jakarta.inject-api\\2.0.1\\4c28afe1991a941d7702fe1362c365f0a8641d1e\\jakarta.inject-api-2.0.1.jar;C:\\Users\\Carito\\.gradle\\caches\\modules-2\\files-2.1\\org.antlr\\antlr4-runtime\\4.13.0\\5a02e48521624faaf5ff4d99afc88b01686af655\\antlr4-runtime-4.13.0.jar;C:\\Users\\Carito\\.gradle\\caches\\modules-2\\files-2.1\\jakarta.annotation\\jakarta.annotation-api\\2.1.1\\48b9bda22b091b1f48b13af03fe36db3be6e1ae3\\jakarta.annotation-api-2.1.1.jar;C:\\Users\\Carito\\.gradle\\caches\\modules-2\\files-2.1\\org.springframework.boot\\spring-boot-starter-logging\\3.2.5\\28cf3a346da7bb624381ccc21d7a27500181de63\\spring-boot-starter-logging-3.2.5.jar;C:\\Users\\Carito\\.gradle\\caches\\modules-2\\files-2.1\\ch.qos.logback\\logback-classic\\1.4.14\\d98bc162275134cdf1518774da4a2a17ef6fb94d\\logback-classic-1.4.14.jar;C:\\Users\\Carito\\.gradle\\caches\\modules-2\\files-2.1\\org.apache.logging.log4j\\log4j-to-slf4j\\2.21.1\\d77b2ba81711ed596cd797cc2b5b5bd7409d841c\\log4j-to-slf4j-2.21.1.jar;C:\\Users\\Carito\\.gradle\\caches\\modules-2\\files-2.1\\org.slf4j\\jul-to-slf4j\\2.0.13\\a3bcd9d9dd50c71ce69f06b1fd05e40fdeff6ba5\\jul-to-slf4j-2.0.13.jar;C:\\Users\\Carito\\.gradle\\caches\\modules-2\\files-2.1\\org.slf4j\\slf4j-api\\2.0.13\\80229737f704b121a318bba5d5deacbcf395bc77\\slf4j-api-2.0.13.jar;C:\\Users\\Carito\\.gradle\\caches\\modules-2\\files-2.1\\org.yaml\\snakeyaml\\2.2\\3af797a25458550a16bf89acc8e4ab2b7f2bfce0\\snakeyaml-2.2.jar;C:\\Users\\Carito\\.gradle\\caches\\modules-2\\files-2.1\\com.fasterxml.jackson.datatype\\jackson-datatype-jsr310\\2.15.4\\7de629770a4559db57128d35ccae7d2fddd35db3\\jackson-datatype-jsr310-2.15.4.jar;C:\\Users\\Carito\\.gradle\\caches\\modules-2\\files-2.1\\com.fasterxml.jackson.module\\jackson-module-parameter-names\\2.15.4\\e654497a08359db2521b69b5f710e00836915d8c\\jackson-module-parameter-names-2.15.4.jar;C:\\Users\\Carito\\.gradle\\caches\\modules-2\\files-2.1\\com.fasterxml.jackson.core\\jackson-annotations\\2.15.4\\5223ea5a9bf52cdc9c5e537a0e52f2432eaf208b\\jackson-annotations-2.15.4.jar;C:\\Users\\Carito\\.gradle\\caches\\modules-2\\files-2.1\\com.fasterxml.jackson.core\\jackson-core\\2.15.4\\aebe84b45360debad94f692a4074c6aceb535fa0\\jackson-core-2.15.4.jar;C:\\Users\\Carito\\.gradle\\caches\\modules-2\\files-2.1\\com.fasterxml.jackson.datatype\\jackson-datatype-jdk8\\2.15.4\\694777f182334a21bf1aeab1b04cc4398c801f3f\\jackson-datatype-jdk8-2.15.4.jar;C:\\Users\\Carito\\.gradle\\caches\\modules-2\\files-2.1\\com.fasterxml.jackson.core\\jackson-databind\\2.15.4\\560309fc381f77d4d15c4a4cdaa0db5025c4fd13\\jackson-databind-2.15.4.jar;C:\\Users\\Carito\\.gradle\\caches\\modules-2\\files-2.1\\org.apache.tomcat.embed\\tomcat-embed-websocket\\10.1.20\\21502adffaf9e6e4bc2b63a557e348d7f6c0faf7\\tomcat-embed-websocket-10.1.20.jar;C:\\Users\\Carito\\.gradle\\caches\\modules-2\\files-2.1\\org.apache.tomcat.embed\\tomcat-embed-core\\10.1.20\\ba0dc784e12086f83d8e1d5a10443b166abf5780\\tomcat-embed-core-10.1.20.jar;C:\\Users\\Carito\\.gradle\\caches\\modules-2\\files-2.1\\org.apache.tomcat.embed\\tomcat-embed-el\\10.1.20\\cc1a42b8228699e92c8eba0187eccf54bf892802\\tomcat-embed-el-10.1.20.jar;C:\\Users\\Carito\\.gradle\\caches\\modules-2\\files-2.1\\io.micrometer\\micrometer-observation\\1.12.5\\ee23704259a1aad5c8f503db4d37cdfe5352e766\\micrometer-observation-1.12.5.jar;C:\\Users\\Carito\\.gradle\\caches\\modules-2\\files-2.1\\org.eclipse.angus\\angus-activation\\2.0.2\\41f1e0ddd157c856926ed149ab837d110955a9fc\\angus-activation-2.0.2.jar;C:\\Users\\Carito\\.gradle\\caches\\modules-2\\files-2.1\\jakarta.activation\\jakarta.activation-api\\2.1.3\\fa165bd70cda600368eee31555222776a46b881f\\jakarta.activation-api-2.1.3.jar;C:\\Users\\Carito\\.gradle\\caches\\modules-2\\files-2.1\\net.minidev\\accessors-smart\\2.5.1\\19b820261eb2e7de7d5bde11d1c06e4501dd7e5f\\accessors-smart-2.5.1.jar;C:\\Users\\Carito\\.gradle\\caches\\modules-2\\files-2.1\\net.bytebuddy\\byte-buddy-agent\\1.14.13\\979ce25f7d3096a2e82214ba7dc972a05ce7a171\\byte-buddy-agent-1.14.13.jar;C:\\Users\\Carito\\.gradle\\caches\\modules-2\\files-2.1\\org.objenesis\\objenesis\\3.3\\1049c09f1de4331e8193e579448d0916d75b7631\\objenesis-3.3.jar;C:\\Users\\Carito\\.gradle\\caches\\modules-2\\files-2.1\\com.vaadin.external.google\\android-json\\0.0.20131108.vaadin1\\fa26d351fe62a6a17f5cda1287c1c6110dec413f\\android-json-0.0.20131108.vaadin1.jar;C:\\Users\\Carito\\.gradle\\caches\\modules-2\\files-2.1\\org.springframework\\spring-jcl\\6.1.6\\84cb19b30b22feca73c2ac005ca849c5890935a3\\spring-jcl-6.1.6.jar;C:\\Users\\Carito\\.gradle\\caches\\modules-2\\files-2.1\\org.springframework.security\\spring-security-crypto\\6.2.4\\9583253c66bafe7cbf0f082d069b08675331ce78\\spring-security-crypto-6.2.4.jar;C:\\Users\\Carito\\.gradle\\caches\\modules-2\\files-2.1\\org.opentest4j\\opentest4j\\1.3.0\\152ea56b3a72f655d4fd677fc0ef2596c3dd5e6e\\opentest4j-1.3.0.jar;C:\\Users\\Carito\\.gradle\\caches\\modules-2\\files-2.1\\io.micrometer\\micrometer-commons\\1.12.5\\da45afd81a6a05267df5ddfe10438ea857e0f7d9\\micrometer-commons-1.12.5.jar;C:\\Users\\Carito\\.gradle\\caches\\modules-2\\files-2.1\\org.ow2.asm\\asm\\9.6\\aa205cf0a06dbd8e04ece91c0b37c3f5d567546a\\asm-9.6.jar;C:\\Users\\Carito\\.gradle\\caches\\modules-2\\files-2.1\\org.glassfish.jaxb\\txw2\\4.0.5\\f36a4ef12120a9bb06d766d6a0e54b144fd7ed98\\txw2-4.0.5.jar;C:\\Users\\Carito\\.gradle\\caches\\modules-2\\files-2.1\\com.sun.istack\\istack-commons-runtime\\4.1.2\\18ec117c85f3ba0ac65409136afa8e42bc74e739\\istack-commons-runtime-4.1.2.jar;C:\\Users\\Carito\\.gradle\\caches\\modules-2\\files-2.1\\ch.qos.logback\\logback-core\\1.4.14\\4d3c2248219ac0effeb380ed4c5280a80bf395e8\\logback-core-1.4.14.jar;C:\\Users\\Carito\\.gradle\\caches\\modules-2\\files-2.1\\org.apache.logging.log4j\\log4j-api\\2.21.1\\74c65e87b9ce1694a01524e192d7be989ba70486\\log4j-api-2.21.1.jar
Launcher Type: SUN_STANDARD

[Global flags]
     intx CICompilerCount                          = 3                                         {product} {ergonomic}
     uint ConcGCThreads                            = 1                                         {product} {ergonomic}
     uint G1ConcRefinementThreads                  = 4                                         {product} {ergonomic}
   size_t G1HeapRegionSize                         = 1048576                                   {product} {ergonomic}
    uintx GCDrainStackTargetSize                   = 64                                        {product} {ergonomic}
   size_t InitialHeapSize                          = 67108864                                  {product} {ergonomic}
   size_t MarkStackSize                            = 4194304                                   {product} {ergonomic}
   size_t MaxHeapSize                              = 536870912                                 {product} {command line}
   size_t MinHeapDeltaBytes                        = 1048576                                   {product} {ergonomic}
   size_t MinHeapSize                              = 8388608                                   {product} {ergonomic}
    uintx NonNMethodCodeHeapSize                   = 5832780                                {pd product} {ergonomic}
    uintx NonProfiledCodeHeapSize                  = 122912730                              {pd product} {ergonomic}
    uintx ProfiledCodeHeapSize                     = 122912730                              {pd product} {ergonomic}
    uintx ReservedCodeCacheSize                    = 251658240                              {pd product} {ergonomic}
     bool SegmentedCodeCache                       = true                                      {product} {ergonomic}
   size_t SoftMaxHeapSize                          = 536870912                              {manageable} {ergonomic}
     bool UseCompressedOops                        = true                           {product lp64_product} {ergonomic}
     bool UseG1GC                                  = true                                      {product} {ergonomic}
     bool UseLargePagesIndividualAllocation        = false                                  {pd product} {ergonomic}

Logging:
Log output configuration:
 #0: stdout all=warning uptime,level,tags foldmultilines=false
 #1: stderr all=off uptime,level,tags foldmultilines=false

Environment Variables:
JAVA_HOME=C:\Program Files\Java\jdk-21.0.3
CLASSPATH=C:\Users\Carito\Documents\Gabriel\Proyectos\nttdata\\gradle\wrapper\gradle-wrapper.jar
PATH=C:\Program Files\Java\jdk-21.0.3\bin;c:\Program Files (x86)\Intel\iCLS Client\;c:\Program Files\Intel\iCLS Client\;C:\WINDOWS\system32;C:\WINDOWS;C:\WINDOWS\System32\Wbem;C:\WINDOWS\System32\WindowsPowerShell\v1.0\;C:\Program Files\nodejs\;C:\WINDOWS\System32\OpenSSH\;C:\Program Files (x86)\Intel\Intel(R) Management Engine Components\DAL;C:\Program Files\Intel\Intel(R) Management Engine Components\DAL;C:\Program Files (x86)\Intel\Intel(R) Management Engine Components\IPT;C:\Program Files\Intel\Intel(R) Management Engine Components\IPT;C:\Program Files\Crucial\Crucial Storage Executive;C:\Program Files\dotnet\;C:\Program Files\Git\cmd;C:\Program Files\MySQL\MySQL Shell 8.0\bin\;C:\Users\Carito\AppData\Local\Microsoft\WindowsApps;C:\Users\Carito\AppData\Roaming\npm;;C:\Users\Carito\AppData\Local\Programs\Microsoft VS Code\bin;C:\Program Files\JetBrains\IntelliJ IDEA 2024.1.1\bin;
USERNAME=Carito
OS=Windows_NT
PROCESSOR_IDENTIFIER=Intel64 Family 6 Model 69 Stepping 1, GenuineIntel
TMP=C:\Users\Carito\AppData\Local\Temp
TEMP=C:\Users\Carito\AppData\Local\Temp




Periodic native trim disabled

---------------  S Y S T E M  ---------------

OS:
 Windows 10 , 64 bit Build 19041 (10.0.19041.3636)
OS uptime: 1 days 5:54 hours

CPU: total 4 (initial active 4) (2 cores per cpu, 2 threads per core) family 6 model 69 stepping 1 microcode 0x25, cx8, cmov, fxsr, ht, mmx, sse, sse2, sse3, ssse3, sse4.1, sse4.2, popcnt, lzcnt, tsc, tscinvbit, avx, avx2, aes, erms, clmul, bmi1, bmi2, fma, vzeroupper, clflush, rdtscp, f16c
Processor Information for all 4 processors :
  Max Mhz: 1900, Current Mhz: 1900, Mhz Limit: 1900

Memory: 4k page, system-wide physical 4000M (287M free)
TotalPageFile size 10144M (AvailPageFile size 48M)
current process WorkingSet (physical memory assigned to process): 9M, peak: 9M
current process commit charge ("private bytes"): 51M, peak: 115M

vm_info: Java HotSpot(TM) 64-Bit Server VM (21.0.3+7-LTS-152) for windows-amd64 JRE (21.0.3+7-LTS-152), built on 2024-03-11T17:42:26Z by "mach5one" with MS VC++ 17.6 (VS2022)

END.
